680
29 L 0 35 1
29 L 0 179 1
29 L 0 216 1
29 D 800 35 1
29 D 800 179 1
29 D 800 216 1
29 L 0 122 1
29 D 800 122 1
6 L 0 383 1
6 D 409 383 1
24 L 0 225 1
24 D 425 225 1
26 L 0 33 1
26 L 0 8 1
26 L 0 88 1
26 D 83 33 1
26 D 83 8 1
26 D 83 88 1
26 L 5 15 1
26 D 83 15 1
26 L 5 95 1
26 D 83 95 1
25 L 0 129 1
25 L 0 227 1
25 D 573 129 1
25 D 573 227 1
25 L 2 194 1
25 D 573 194 1
25 L 2 270 1
25 D 573 270 1
13 L 0 278 1
13 L 0 168 1
13 L 0 122 1
13 D 870 278 1
13 D 870 168 1
13 D 870 122 1
13 L 5 204 1
13 D 870 204 1
23 L 0 299 1
23 D 464 299 1
11 L 0 129 1
11 L 0 172 1
11 D 1176 129 1
11 D 1176 172 1
11 L 0 398 1
11 D 1176 398 1
14 L 0 81 1
14 D 663 81 1
10 L 0 242 1
10 L 0 50 1
10 D 43 242 1
10 D 43 50 1
4 L 0 210 1
4 L 0 83 1
4 D 635 210 1
4 D 635 83 1
4 L 3 154 1
4 D 635 154 1
18 L 0 225 1
18 D 349 225 1
18 L 3 290 1
18 L 3 76 1
18 D 349 290 1
18 D 349 76 1
5 L 0 272 1
5 D 287 272 1
5 L 3 118 1
5 D 287 118 1
20 L 0 35 1
20 L 0 266 1
20 D 525 35 1
20 D 525 266 1
20 L 0 85 1
20 D 525 85 1
20 L 0 361 1
20 D 525 361 1
20 L 0 123 1
20 D 525 123 1
12 L 0 241 1
12 L 0 278 1
12 L 0 172 1
12 D 754 241 1
12 D 754 278 1
12 D 754 172 1
12 L 2 242 1
12 D 754 242 1
12 L 2 221 1
12 D 754 221 1
8 L 0 119 1
8 L 0 299 1
8 D 925 119 1
8 D 925 299 1
8 L 3 361 1
8 D 925 361 1
2 L 0 322 1
2 D 768 322 1
2 L 0 168 1
2 D 768 168 1
3 L 0 205 1
3 D 664 205 1
22 L 0 164 1
22 D 463 164 1
22 L 3 21 1
22 D 463 21 1
16 L 0 17 1
16 D 1072 17 1
7 L 0 111 1
7 D 275 111 1
21 L 0 21 1
21 L 0 328 1
21 L 0 63 1
21 D 930 21 1
21 D 930 328 1
21 D 930 63 1
19 L 0 323 1
19 D 77 323 1
19 L 0 340 1
19 L 0 360 1
19 D 77 340 1
19 D 77 360 1
19 L 0 132 1
19 D 77 132 1
19 L 0 297 1
19 D 77 297 1
19 L 0 361 1
19 D 77 361 1
28 L 0 373 1
28 D 716 373 1
28 L 3 136 1
28 L 3 253 1
28 D 716 136 1
28 D 716 253 1
9 L 0 310 1
9 L 0 348 1
9 D 46 310 1
9 D 46 348 1
1 L 0 149 1
1 L 0 182 1
1 D 143 149 1
1 D 143 182 1
0 L 0 163 1
0 D 913 163 1
17 L 0 288 1
17 L 0 247 1
17 D 529 288 1
17 D 529 247 1
17 L 4 255 1
17 D 529 255 1
15 L 0 323 1
15 D 1124 323 1
15 L 2 164 1
15 D 1124 164 1
15 L 2 137 1
15 L 2 46 1
15 D 1124 137 1
15 D 1124 46 1
6 L 0 291 1
6 D 556 291 1
6 L 6 347 1
6 D 556 347 1
6 L 6 172 1
6 L 6 189 1
6 D 556 172 1
6 D 556 189 1
6 L 6 398 1
6 D 556 398 1
24 L 5 196 1
24 L 5 344 1
24 L 5 62 1
24 D 936 196 1
24 D 936 344 1
24 D 936 62 1
24 L 5 200 1
24 L 5 172 1
24 D 936 200 1
24 D 936 172 1
23 L 5 344 1
23 L 5 397 1
23 D 18 344 1
23 D 18 397 1
14 L 5 208 1
14 D 1151 208 1
14 L 3 239 1
14 D 1151 239 1
10 L 0 241 1
10 D 775 241 1
3 L 2 384 1
3 L 2 290 1
3 D 1055 384 1
3 D 1055 290 1
3 L 2 76 1
3 D 1055 76 1
16 L 4 149 1
16 L 4 10 1
16 D 1199 149 1
16 D 1199 10 1
16 L 4 287 1
16 D 1199 287 1
7 L 7 289 1
7 L 7 219 1
7 D 1128 289 1
7 D 1128 219 1
7 L 7 326 1
7 D 1128 326 1
7 L 7 398 1
7 D 1128 398 1
4 L 3 114 1
4 L 3 210 1
4 L 3 50 1
4 D 1215 114 1
4 D 1215 210 1
4 D 1215 50 1
4 L 3 85 1
4 D 1215 85 1
4 L 3 153 1
4 D 1215 153 1
24 L 5 285 1
24 D 1242 285 1
9 L 0 326 1
9 D 979 326 1
9 L 3 221 1
9 L 3 126 1
9 D 979 221 1
9 D 979 126 1
0 L 3 181 1
0 L 3 233 1
0 D 961 181 1
0 D 961 233 1
0 L 5 151 1
0 D 961 151 1
0 L 5 270 1
0 D 961 270 1
0 L 5 398 1
0 D 961 398 1
18 L 3 228 1
18 D 804 228 1
18 L 3 201 1
18 D 804 201 1
8 L 3 375 1
8 L 3 218 1
8 D 377 375 1
8 D 377 218 1
5 L 3 214 1
5 D 878 214 1
5 L 3 136 1
5 L 3 8 1
5 D 878 136 1
5 D 878 8 1
5 L 3 396 1
5 D 878 396 1
23 L 3 96 1
23 L 3 208 1
23 L 3 159 1
23 D 972 96 1
23 D 972 208 1
23 D 972 159 1
23 L 3 106 1
23 D 972 106 1
23 L 3 15 1
23 D 972 15 1
13 L 5 133 1
13 L 5 184 1
13 D 506 133 1
13 D 506 184 1
13 L 3 150 1
13 D 506 150 1
13 L 3 398 1
13 D 506 398 1
24 L 3 192 1
24 L 3 153 1
24 D 1195 192 1
24 D 1195 153 1
24 L 3 136 1
24 D 1195 136 1
4 L 3 96 1
4 L 3 17 1
4 D 144 96 1
4 D 144 17 1
8 L 3 2 1
8 D 1191 2 1
8 L 3 154 1
8 D 1191 154 1
16 L 4 192 1
16 L 4 81 1
16 D 2 192 1
16 D 2 81 1
25 L 2 259 1
25 L 2 237 1
25 D 1203 259 1
25 D 1203 237 1
3 L 2 384 1
3 L 2 166 1
3 D 180 384 1
3 D 180 166 1
22 L 3 242 1
22 L 3 6 1
22 D 338 242 1
22 D 338 6 1
22 L 7 300 1
22 D 338 300 1
22 L 7 239 1
22 D 338 239 1
0 L 5 184 1
0 D 683 184 1
18 L 3 255 1
18 D 889 255 1
11 L 0 163 1
11 D 1 163 1
16 L 4 230 1
16 D 11 230 1
7 L 7 242 1
7 D 883 242 1
7 L 7 210 1
7 L 7 287 1
7 D 883 210 1
7 D 883 287 1
7 L 7 151 1
7 D 883 151 1
4 L 4 154 1
4 D 1103 154 1
16 L 4 52 1
16 L 4 26 1
16 D 1134 52 1
16 D 1134 26 1
12 L 2 166 1
12 D 1119 166 1
12 L 5 350 1
12 D 1119 350 1
10 L 6 290 1
10 L 6 375 1
10 D 989 290 1
10 D 989 375 1
2 L 0 104 1
2 D 79 104 1
0 L 3 64 1
0 D 974 64 1
0 L 3 225 1
0 D 974 225 1
0 L 3 120 1
0 L 3 397 1
0 D 974 120 1
0 D 974 397 1
17 L 4 288 1
17 D 363 288 1
18 L 3 299 1
18 D 789 299 1
16 L 4 208 1
16 L 4 360 1
16 L 4 122 1
16 D 382 208 1
16 D 382 360 1
16 D 382 122 1
16 L 4 167 1
16 D 382 167 1
16 L 4 57 1
16 D 382 57 1
16 L 4 270 1
16 D 382 270 1
3 L 7 145 1
3 L 7 98 1
3 D 501 145 1
3 D 501 98 1
3 L 2 70 1
3 D 501 70 1
4 L 4 162 1
4 D 829 162 1
26 L 5 64 1
26 D 1024 64 1
26 L 3 278 1
26 L 3 283 1
26 D 1024 278 1
26 D 1024 283 1
4 L 4 172 1
4 D 861 172 1
24 L 3 293 1
24 L 3 398 1
24 D 780 293 1
24 D 780 398 1
15 L 2 64 1
15 D 751 64 1
15 L 8 340 1
15 L 8 230 1
15 D 751 340 1
15 D 751 230 1
15 L 8 397 1
15 L 8 287 1
15 D 751 397 1
15 D 751 287 1
8 L 3 50 1
8 L 3 181 1
8 D 212 50 1
8 D 212 181 1
8 L 3 201 1
8 D 212 201 1
9 L 3 27 1
9 D 678 27 1
9 L 0 396 1
9 D 678 396 1
5 L 3 80 1
5 L 3 149 1
5 D 487 80 1
5 D 487 149 1
5 L 3 190 1
5 D 487 190 1
10 L 6 126 1
10 L 6 223 1
10 D 543 126 1
10 D 543 223 1
17 L 4 210 1
17 L 4 243 1
17 D 156 210 1
17 D 156 243 1
17 L 4 52 1
17 L 4 149 1
17 D 156 52 1
17 D 156 149 1
11 L 4 26 1
11 L 4 126 1
11 D 146 26 1
11 D 146 126 1
4 L 4 293 1
4 L 4 342 1
4 D 207 293 1
4 D 207 342 1
4 L 4 378 1
4 D 207 378 1
4 L 4 10 1
4 D 207 10 1
4 L 4 205 1
4 D 207 205 1
4 L 4 270 1
4 D 207 270 1
23 L 3 34 1
23 L 3 153 1
23 D 257 34 1
23 D 257 153 1
12 L 5 52 1
12 L 5 196 1
12 L 5 300 1
12 D 1034 52 1
12 D 1034 196 1
12 D 1034 300 1
12 L 5 244 1
12 D 1034 244 1
12 L 5 201 1
12 D 1034 201 1
3 L 2 17 1
3 D 369 17 1
3 L 7 194 1
3 D 369 194 1
24 L 3 18 1
24 D 154 18 1
24 L 4 10 1
24 D 154 10 1
16 L 4 214 1
16 D 688 214 1
2 L 4 200 1
2 D 843 200 1
10 L 6 327 1
10 L 6 328 1
10 D 938 327 1
10 D 938 328 1
10 L 6 90 1
10 D 938 90 1
11 L 4 151 1
11 D 239 151 1
11 L 4 343 1
11 D 239 343 1
11 L 4 239 1
11 D 239 239 1
17 L 4 162 1
17 L 4 361 1
17 D 727 162 1
17 D 727 361 1
23 L 4 17 1
23 L 4 241 1
23 D 150 17 1
23 D 150 241 1
23 L 4 396 1
23 D 150 396 1
23 L 4 111 1
23 D 150 111 1
16 L 4 283 1
16 L 4 15 1
16 D 738 283 1
16 D 738 15 1
9 L 0 210 1
9 L 0 243 1
9 D 393 210 1
9 D 393 243 1
9 L 7 133 1
9 L 7 77 1
9 L 7 126 1
9 D 393 133 1
9 D 393 77 1
9 D 393 126 1
9 L 7 111 1
9 D 393 111 1
20 L 0 262 1
20 D 1186 262 1
2 L 4 8 1
2 L 4 300 1
2 L 4 237 1
2 D 995 8 1
2 D 995 300 1
2 D 995 237 1
2 L 9 60 1
2 D 995 60 1
0 L 3 121 1
0 D 193 121 1
0 L 0 15 1
0 D 193 15 1
17 L 4 35 1
17 L 4 300 1
17 D 551 35 1
17 D 551 300 1
17 L 9 348 1
17 D 551 348 1
8 L 3 278 1
8 D 218 278 1
5 L 3 81 1
5 L 3 398 1
5 L 3 159 2
5 D 617 81 1
5 D 617 398 1
5 D 617 159 1
16 L 4 129 1
16 L 4 246 1
16 D 309 129 1
16 D 309 246 1
16 L 4 327 1
16 D 309 327 1
10 L 6 378 1
10 L 6 122 1
10 D 1053 378 1
10 D 1053 122 1
3 L 7 289 1
3 D 816 289 1
0 L 0 210 1
0 L 0 168 1
0 L 0 47 1
0 D 1219 210 1
0 D 1219 168 1
0 D 1219 47 1
15 L 8 112 1
15 L 8 21 1
15 L 8 283 1
15 L 8 268 1
15 D 179 112 1
15 D 179 21 1
15 D 179 283 1
15 D 179 268 1
11 L 4 227 1
11 L 4 35 1
11 L 4 360 1
11 D 356 227 1
11 D 356 35 1
11 D 356 360 1
11 L 4 270 1
11 D 356 270 1
10 L 6 104 1
10 D 852 104 1
17 L 9 328 1
17 L 9 223 1
17 D 1020 328 1
17 D 1020 223 1
12 L 5 244 1
12 D 177 244 1
12 L 3 378 1
12 D 177 378 1
3 L 7 220 1
3 D 929 220 1
3 L 7 270 1
3 D 929 270 1
23 L 4 382 1
23 D 980 382 1
0 L 3 121 1
0 D 302 121 1
0 L 4 223 1
0 D 302 223 1
10 L 6 191 1
10 D 776 191 1
16 L 4 396 1
16 D 303 396 1
15 L 8 67 1
15 L 8 299 1
15 L 8 253 1
15 D 971 67 1
15 D 971 299 1
15 D 971 253 1
23 L 4 360 1
23 L 4 345 1
23 D 787 360 1
23 D 787 345 1
11 L 4 375 1
11 D 152 375 1
16 L 4 96 1
16 L 4 50 1
16 L 4 245 1
16 L 4 299 1
16 D 639 96 1
16 D 639 50 1
16 D 639 245 1
16 D 639 299 1
12 L 3 119 1
12 L 3 104 1
12 D 384 119 1
12 D 384 104 1
12 L 0 348 1
12 D 384 348 1
3 L 7 359 1
3 D 465 359 1
23 L 6 81 1
23 L 6 181 1
23 D 286 81 1
23 D 286 181 1
11 L 4 213 1
11 L 4 78 1
11 D 970 213 1
11 D 970 78 1
0 L 4 40 1
0 L 4 287 1
0 D 206 40 1
0 D 206 287 1
23 L 6 317 1
23 D 939 317 1
11 L 9 192 1
11 L 9 106 1
11 D 516 192 1
11 D 516 106 1
11 L 4 186 1
11 D 516 186 1
11 L 4 239 1
11 D 516 239 1
23 L 6 104 1
23 D 1234 104 1
11 L 4 208 1
11 L 4 162 1
11 L 4 117 1
11 D 527 208 1
11 D 527 162 1
11 D 527 117 1
11 L 0 216 1
11 L 0 120 1
11 D 527 216 1
11 D 527 120 1
23 L 6 81 1
23 L 6 129 1
23 D 1046 81 1
23 D 1046 129 1
11 L 0 272 1
11 L 0 126 1
11 D 935 272 1
11 D 935 126 1
11 L 4 236 1
11 L 4 126 1
11 D 1100 236 1
11 D 1100 126 1
11 L 3 350 1
11 D 1100 350 1
11 L 3 234 1
11 D 167 234 1
11 L 4 304 1
11 L 4 115 1
11 L 4 216 1
11 L 4 126 1
11 L 4 47 1
11 D 220 304 1
11 D 220 115 1
11 D 220 216 1
11 D 220 126 1
11 D 220 47 1
11 L 6 136 1
11 D 220 136 1
11 L 6 114 1
11 L 6 360 1
11 L 6 398 1
11 D 993 114 1
11 D 993 360 1
11 D 993 398 1
