750
2 L 0 209 1
2 D 591 209 1
2 L 0 593 1
2 D 591 593 1
2 L 0 562 1
2 L 0 5 1
2 D 591 562 1
2 D 591 5 1
2 L 0 275 1
2 L 0 488 1
2 D 591 275 1
2 D 591 488 1
2 L 0 200 1
2 L 0 344 1
2 D 591 200 1
2 D 591 344 1
2 L 0 348 1
2 D 591 348 1
3 L 0 594 1
3 D 659 594 1
3 L 0 293 1
3 L 0 614 1
3 D 659 293 1
3 D 659 614 1
6 L 0 992 1
6 L 0 755 1
6 L 0 645 1
6 D 339 992 1
6 D 339 755 1
6 D 339 645 1
6 L 0 435 1
6 L 0 550 1
6 D 339 435 1
6 D 339 550 1
6 L 0 614 1
6 L 0 904 1
6 D 339 614 1
6 D 339 904 1
6 L 0 8 1
6 L 0 76 1
6 D 339 8 1
6 D 339 76 1
6 L 0 303 1
6 D 339 303 1
6 L 0 415 1
6 D 339 415 1
16 L 0 753 1
16 L 0 722 1
16 L 0 115 1
16 D 450 753 1
16 D 450 722 1
16 D 450 115 1
16 L 0 914 1
16 D 450 914 1
16 L 0 935 1
16 D 450 935 1
16 L 0 424 1
16 D 450 424 1
16 L 0 717 1
16 D 450 717 1
16 L 0 350 1
16 D 450 350 1
16 L 0 286 1
16 D 450 286 1
16 L 0 910 1
16 D 450 910 1
7 L 0 736 1
7 L 0 724 1
7 D 428 736 1
7 D 428 724 1
7 L 0 940 1
7 D 428 940 1
13 L 0 133 1
13 L 0 856 1
13 D 11 133 1
13 D 11 856 1
13 L 0 982 1
13 D 11 982 1
13 L 0 653 1
13 D 11 653 1
19 L 0 41 1
19 D 782 41 1
19 L 0 906 1
19 D 782 906 1
19 L 0 301 1
19 L 0 543 1
19 D 782 301 1
19 D 782 543 1
9 L 0 627 1
9 D 332 627 1
9 L 0 743 1
9 L 0 301 1
9 D 332 743 1
9 D 332 301 1
11 L 0 160 1
11 D 71 160 1
11 L 0 465 1
11 L 0 468 2
11 D 71 465 1
11 D 71 468 1
11 L 0 468 1
11 L 0 789 1
11 L 0 791 1
11 D 71 468 1
11 D 71 789 1
11 D 71 791 1
11 L 0 534 1
11 L 0 455 1
11 D 71 534 1
11 D 71 455 1
11 L 0 520 1
11 D 71 520 1
11 L 0 511 1
11 D 71 511 1
14 L 0 384 2
14 L 0 384 2
14 L 0 736 1
14 D 36 384 1
14 D 36 384 1
14 D 36 736 1
14 L 0 609 1
14 L 0 484 1
14 L 0 741 1
14 D 36 609 1
14 D 36 484 1
14 D 36 741 1
14 L 0 104 1
14 L 0 139 1
14 D 36 104 1
14 D 36 139 1
14 L 0 648 1
14 D 36 648 1
14 L 0 427 1
14 D 36 427 1
14 L 0 338 1
14 D 36 338 1
14 L 0 51 1
14 D 36 51 1
14 L 0 536 1
14 D 36 536 1
14 L 0 600 1
14 D 36 600 1
10 L 0 819 1
10 L 0 793 1
10 D 249 819 1
10 D 249 793 1
10 L 0 326 1
10 D 249 326 1
10 L 0 87 1
10 D 249 87 1
10 L 0 552 1
10 D 249 552 1
1 L 0 963 1
1 L 0 500 1
1 D 1 963 1
1 D 1 500 1
1 L 0 247 1
1 L 0 794 1
1 D 1 247 1
1 D 1 794 1
1 L 0 218 1
1 D 1 218 1
0 L 0 896 1
0 L 0 88 1
0 D 159 896 1
0 D 159 88 1
0 L 0 484 1
0 L 0 894 1
0 D 159 484 1
0 D 159 894 1
17 L 0 970 1
17 D 514 970 1
17 L 0 862 1
17 D 514 862 1
4 L 0 385 1
4 D 653 385 1
4 L 0 628 1
4 D 653 628 1
15 L 0 163 1
15 D 17 163 1
18 L 0 720 1
18 L 0 730 1
18 D 449 720 1
18 D 449 730 1
5 L 0 162 1
5 L 0 915 1
5 L 0 398 1
5 D 312 162 1
5 D 312 915 1
5 D 312 398 1
5 L 0 916 1
5 D 312 916 1
5 L 0 773 1
5 D 312 773 1
5 L 0 590 1
5 D 312 590 1
5 L 0 926 1
5 L 0 431 1
5 D 312 926 1
5 D 312 431 1
12 L 0 931 1
12 L 0 855 1
12 D 52 931 1
12 D 52 855 1
12 L 0 539 1
12 D 52 539 1
8 L 0 401 1
8 L 0 444 1
8 D 422 401 1
8 D 422 444 1
8 L 0 917 1
8 D 422 917 1
8 L 0 751 1
8 D 422 751 1
18 L 0 835 1
18 L 0 981 1
18 L 0 781 1
18 D 668 835 1
18 D 668 981 1
18 D 668 781 1
18 L 0 671 1
18 D 668 671 1
18 L 0 255 1
18 D 668 255 1
3 L 0 512 1
3 L 0 962 1
3 L 0 772 1
3 D 40 512 1
3 D 40 962 1
3 D 40 772 1
3 L 0 130 1
3 D 40 130 1
3 L 0 684 1
3 L 0 86 1
3 D 40 684 1
3 D 40 86 1
3 L 0 305 1
3 L 0 183 1
3 D 40 305 1
3 D 40 183 1
3 L 0 215 1
3 L 0 824 1
3 D 40 215 1
3 D 40 824 1
3 L 0 795 1
3 D 40 795 1
3 L 0 445 1
3 D 40 445 1
7 L 0 560 1
7 D 70 560 1
7 L 0 371 1
7 L 0 251 1
7 D 70 371 1
7 D 70 251 1
7 L 0 424 1
7 D 70 424 1
7 L 0 971 1
7 D 70 971 1
7 L 0 239 1
7 D 70 239 1
9 L 0 241 1
9 L 0 772 1
9 D 534 241 1
9 D 534 772 1
9 L 0 370 1
9 L 0 149 1
9 D 534 370 1
9 D 534 149 1
9 L 0 518 1
9 L 0 710 1
9 D 534 518 1
9 D 534 710 1
9 L 0 872 1
9 D 534 872 1
9 L 0 217 1
9 L 0 636 1
9 D 534 217 1
9 D 534 636 1
17 L 0 293 1
17 L 0 104 1
17 L 0 587 1
17 D 619 293 1
17 D 619 104 1
17 D 619 587 1
17 L 0 442 1
17 D 619 442 1
17 L 0 797 1
17 D 619 797 1
4 L 0 168 1
4 L 0 360 1
4 D 259 168 1
4 D 259 360 1
4 L 0 382 1
4 D 259 382 1
12 L 0 257 1
12 L 0 517 1
12 L 0 112 1
12 D 513 257 1
12 D 513 517 1
12 D 513 112 1
12 L 0 738 1
12 L 0 114 1
12 D 513 738 1
12 D 513 114 1
12 L 0 522 1
12 L 0 278 1
12 D 513 522 1
12 D 513 278 1
12 L 0 779 1
12 L 0 465 1
12 D 513 779 1
12 D 513 465 1
12 L 0 431 1
12 L 0 883 1
12 D 513 431 1
12 D 513 883 1
12 L 0 18 1
12 D 513 18 1
12 L 0 595 1
12 D 513 595 1
12 L 0 157 1
12 D 513 157 1
13 L 0 416 1
13 L 0 948 1
13 D 157 416 1
13 D 157 948 1
13 L 0 929 1
13 L 0 918 1
13 D 157 929 1
13 D 157 918 1
13 L 0 275 1
13 L 0 358 1
13 L 0 623 1
13 D 157 275 1
13 D 157 358 1
13 D 157 623 1
13 L 0 181 1
13 L 0 759 1
13 D 157 181 1
13 D 157 759 1
13 L 0 169 1
13 L 0 383 1
13 D 157 169 1
13 D 157 383 1
19 L 0 608 1
19 L 0 584 1
19 L 0 50 1
19 D 160 608 1
19 D 160 584 1
19 D 160 50 1
19 L 0 35 1
19 L 0 615 1
19 D 160 35 1
19 D 160 615 1
19 L 0 424 1
19 D 160 424 1
19 L 0 522 1
19 D 160 522 1
19 L 0 365 1
19 L 0 113 1
19 D 160 365 1
19 D 160 113 1
19 L 0 430 1
19 D 160 430 1
19 L 0 946 1
19 D 160 946 1
19 L 0 563 1
19 D 160 563 1
19 L 0 411 1
19 D 160 411 1
19 L 0 702 1
19 D 160 702 1
8 L 0 224 1
8 D 778 224 1
8 L 0 386 1
8 L 0 163 1
8 L 0 720 1
8 D 778 386 1
8 D 778 163 1
8 D 778 720 1
8 L 0 580 1
8 L 0 365 1
8 D 778 580 1
8 D 778 365 1
8 L 0 581 1
8 L 0 604 1
8 D 778 581 1
8 D 778 604 1
8 L 0 391 1
8 D 778 391 1
8 L 0 136 1
8 D 778 136 1
8 L 0 533 1
8 D 778 533 1
8 L 0 219 1
8 D 778 219 1
8 L 0 927 1
8 D 778 927 1
10 L 0 37 1
10 D 365 37 1
10 L 0 270 1
10 D 365 270 1
6 L 0 816 1
6 L 0 122 1
6 D 76 816 1
6 D 76 122 1
6 L 0 537 1
6 D 76 537 1
6 L 0 511 1
6 D 76 511 1
4 L 0 688 1
4 L 0 658 1
4 L 0 586 1
4 D 400 688 1
4 D 400 658 1
4 D 400 586 1
4 L 0 242 1
4 D 400 242 1
4 L 0 277 1
4 D 400 277 1
4 L 0 535 1
4 L 0 604 1
4 D 400 535 1
4 D 400 604 1
4 L 0 904 1
4 D 400 904 1
4 L 0 681 1
4 D 400 681 1
18 L 0 162 1
18 L 0 452 1
18 L 0 230 1
18 L 0 268 1
18 D 436 162 1
18 D 436 452 1
18 D 436 230 1
18 D 436 268 1
18 L 0 427 1
18 D 436 427 1
18 L 0 508 1
18 D 436 508 1
11 L 0 593 1
11 D 447 593 1
11 L 0 690 1
11 D 447 690 1
11 L 0 308 1
11 D 447 308 1
11 L 0 710 1
11 L 0 534 1
11 D 447 710 1
11 D 447 534 1
11 L 0 504 1
11 D 447 504 1
17 L 0 432 1
17 L 0 158 1
17 D 149 432 1
17 D 149 158 1
16 L 0 401 1
16 L 0 372 1
16 D 220 401 1
16 D 220 372 1
16 L 0 212 1
16 L 0 215 1
16 L 0 94 1
16 D 220 212 1
16 D 220 215 1
16 D 220 94 1
16 L 0 615 1
16 D 220 615 1
16 L 0 411 1
16 D 220 411 1
10 L 0 801 1
10 L 0 936 1
10 D 452 801 1
10 D 452 936 1
10 L 0 2 1
10 D 452 2 1
10 L 0 755 1
10 L 0 685 1
10 D 452 755 1
10 D 452 685 1
10 L 0 727 1
10 L 0 765 1
10 D 452 727 1
10 D 452 765 1
17 L 0 289 1
17 L 0 635 1
17 D 596 289 1
17 D 596 635 1
17 L 0 119 1
17 D 596 119 1
17 L 0 526 1
17 D 596 526 1
7 L 0 529 1
7 L 0 478 1
7 D 207 529 1
7 D 207 478 1
7 L 0 116 1
7 D 207 116 1
7 L 0 121 1
7 D 207 121 1
7 L 0 154 1
7 D 207 154 1
7 L 0 347 1
7 D 207 347 1
7 L 0 302 1
7 D 207 302 1
18 L 0 548 1
18 D 338 548 1
13 L 0 16 1
13 L 0 86 1
13 D 743 16 1
13 D 743 86 1
13 L 0 834 1
13 L 0 183 1
13 D 743 834 1
13 D 743 183 1
13 L 0 106 1
13 L 0 623 1
13 D 743 106 1
13 D 743 623 1
18 L 0 66 1
18 D 21 66 1
18 L 0 779 1
18 L 0 780 1
18 D 21 779 1
18 D 21 780 1
16 L 0 162 1
16 L 0 883 1
16 L 0 787 1
16 D 89 162 1
16 D 89 883 1
16 D 89 787 1
16 L 0 691 1
16 L 0 819 1
16 D 89 691 1
16 D 89 819 1
16 L 0 327 1
16 D 89 327 1
16 L 0 911 1
16 D 89 911 1
17 L 0 66 1
17 D 153 66 1
17 L 0 773 1
17 D 153 773 1
17 L 0 105 1
17 L 0 875 1
17 D 153 105 1
17 D 153 875 1
17 L 0 653 1
17 D 153 653 1
17 L 0 302 1
17 D 153 302 1
10 L 0 929 1
10 D 506 929 1
10 L 0 290 1
10 L 0 297 1
10 L 0 777 1
10 D 506 290 1
10 D 506 297 1
10 D 506 777 1
10 L 0 367 1
10 L 0 500 1
10 L 0 605 1
10 D 506 367 1
10 D 506 500 1
10 D 506 605 1
10 L 0 242 1
10 D 506 242 1
10 L 0 372 1
10 L 0 376 1
10 D 506 372 1
10 D 506 376 1
10 L 0 411 1
10 L 0 123 1
10 D 506 411 1
10 D 506 123 1
10 L 0 92 1
10 D 506 92 1
12 L 0 372 1
12 D 134 372 1
12 L 0 486 1
12 D 134 486 1
4 L 0 820 1
4 L 0 198 1
4 D 370 820 1
4 D 370 198 1
4 L 0 730 1
4 L 0 139 1
4 D 370 730 1
4 D 370 139 1
13 L 0 820 1
13 L 0 837 1
13 D 462 820 1
13 D 462 837 1
13 L 0 560 1
13 L 0 937 1
13 D 652 560 1
13 D 652 937 1
13 L 0 149 1
13 L 0 759 1
13 L 0 874 1
13 D 652 149 1
13 D 652 759 1
13 D 652 874 1
13 L 0 74 1
13 D 652 74 1
12 L 0 872 1
12 D 25 872 1
12 L 0 616 1
12 L 0 360 1
12 L 0 937 1
12 D 25 616 1
12 D 25 360 1
12 D 25 937 1
12 L 0 111 1
12 D 25 111 1
8 L 0 672 1
8 D 356 672 1
8 L 0 953 1
8 D 356 953 1
7 L 0 332 1
7 D 525 332 1
8 L 0 721 1
8 L 0 834 1
8 D 698 721 1
8 D 698 834 1
8 L 0 547 1
8 L 0 452 1
8 L 0 888 1
8 D 698 547 1
8 D 698 452 1
8 D 698 888 1
8 L 0 727 1
8 L 0 794 1
8 D 698 727 1
8 D 698 794 1
8 L 0 731 1
8 D 698 731 1
8 L 0 283 1
8 L 0 108 1
8 D 698 283 1
8 D 698 108 1
8 L 0 446 1
8 L 0 158 1
8 D 698 446 1
8 D 698 158 1
17 L 0 480 1
17 L 0 287 1
17 D 97 480 1
17 D 97 287 1
17 L 0 279 1
17 D 97 279 1
17 L 0 41 1
17 D 97 41 1
13 L 0 256 1
13 D 362 256 1
13 L 0 883 1
13 L 0 739 1
13 D 362 883 1
13 D 362 739 1
13 L 0 335 1
13 D 362 335 1
12 L 0 0 1
12 L 0 514 1
12 L 0 50 1
12 D 393 0 1
12 D 393 514 1
12 D 393 50 1
12 L 0 213 1
12 D 393 213 1
12 L 0 745 1
12 D 393 745 1
12 L 0 991 1
12 D 393 991 1
17 L 0 563 1
17 D 526 563 1
17 L 0 35 1
17 L 0 699 1
17 D 526 35 1
17 D 526 699 1
17 L 0 911 1
17 D 526 911 1
13 L 0 918 1
13 L 0 109 1
13 L 0 623 1
13 D 634 918 1
13 D 634 109 1
13 D 634 623 1
13 L 0 659 1
13 L 0 70 1
13 D 775 659 1
13 D 775 70 1
13 L 0 935 1
13 D 775 935 1
8 L 0 832 1
8 L 0 727 1
8 D 794 832 1
8 D 794 727 1
8 L 0 538 1
8 L 0 159 1
8 D 794 538 1
8 D 794 159 1
8 L 0 238 1
8 D 794 238 1
13 L 0 995 1
13 L 0 486 1
13 D 37 995 1
13 D 37 486 1
13 L 0 262 1
13 L 0 967 1
13 D 37 262 1
13 D 37 967 1
13 L 0 758 1
13 L 0 684 1
13 D 37 758 1
13 D 37 684 1
13 L 0 935 1
13 L 0 45 1
13 D 37 935 1
13 D 37 45 1
13 L 0 319 1
13 D 37 319 1
8 L 0 739 1
8 D 411 739 1
8 L 0 859 1
8 D 411 859 1
8 L 0 239 1
8 D 411 239 1
8 L 0 465 1
8 L 0 626 1
8 D 457 465 1
8 D 457 626 1
8 L 0 643 1
8 D 457 643 1
8 L 0 964 1
8 L 0 597 1
8 L 0 283 1
8 D 457 964 1
8 D 457 597 1
8 D 457 283 1
8 L 0 678 1
8 L 0 823 1
8 L 0 168 1
8 D 457 678 1
8 D 457 823 1
8 D 457 168 1
8 L 0 489 1
8 L 0 939 1
8 D 457 489 1
8 D 457 939 1
