3946
29 L 0 816 1
29 L 0 1185 1
29 L 0 739 1
29 D 526 816 1
29 D 526 1185 1
29 D 526 739 1
29 L 0 788 1
29 L 0 1062 1
29 L 0 455 1
29 D 526 788 1
29 D 526 1062 1
29 D 526 455 1
29 L 0 250 1
29 D 526 250 1
6 L 0 690 1
6 L 0 787 1
6 L 0 1395 1
6 D 344 690 1
6 D 344 787 1
6 D 344 1395 1
6 L 0 996 1
6 L 0 437 1
6 L 0 479 1
6 D 344 996 1
6 D 344 437 1
6 D 344 479 1
6 L 0 1803 1
6 L 0 1645 1
6 D 344 1803 1
6 D 344 1645 1
24 L 0 1648 1
24 L 0 899 1
24 L 0 454 1
24 L 0 8 1
24 L 0 1482 1
24 D 366 1648 1
24 D 366 899 1
24 D 366 454 1
24 D 366 8 1
24 D 366 1482 1
24 L 0 459 1
24 L 0 1837 1
24 D 366 459 1
24 D 366 1837 1
26 L 0 1348 1
26 L 0 647 1
26 D 849 1348 1
26 D 849 647 1
25 L 0 849 1
25 L 0 835 1
25 L 0 1140 1
25 L 0 1638 1
25 D 974 849 1
25 D 974 835 1
25 D 974 1140 1
25 D 974 1638 1
25 L 0 761 1
25 L 0 1370 1
25 D 974 761 1
25 D 974 1370 1
25 L 0 1199 1
25 D 974 1199 1
13 L 0 624 1
13 L 0 371 1
13 L 0 1523 1
13 L 0 1159 1
13 D 542 624 1
13 D 542 371 1
13 D 542 1523 1
13 D 542 1159 1
13 L 0 66 1
13 L 0 52 1
13 L 0 1289 1
13 D 542 66 1
13 D 542 52 1
13 D 542 1289 1
13 L 0 99 1
13 L 0 1881 1
13 D 542 99 1
13 D 542 1881 1
13 L 0 1243 1
13 L 0 1854 1
13 D 542 1243 1
13 D 542 1854 1
13 L 0 1279 1
13 D 542 1279 1
23 L 0 1265 1
23 L 0 68 1
23 L 0 151 1
23 L 0 1048 1
23 D 915 1265 1
23 D 915 68 1
23 D 915 151 1
23 D 915 1048 1
23 L 0 601 1
23 L 0 490 1
23 L 0 1580 1
23 D 915 601 1
23 D 915 490 1
23 D 915 1580 1
23 L 0 780 1
23 L 0 109 1
23 L 0 477 1
23 L 0 959 1
23 D 915 780 1
23 D 915 109 1
23 D 915 477 1
23 D 915 959 1
11 L 0 419 1
11 L 0 789 1
11 L 0 750 1
11 D 121 419 1
11 D 121 789 1
11 D 121 750 1
11 L 0 362 1
11 D 121 362 1
11 L 0 590 1
11 D 121 590 1
14 L 0 1106 1
14 L 0 1738 1
14 L 0 1643 1
14 D 507 1106 1
14 D 507 1738 1
14 D 507 1643 1
14 L 0 1598 1
14 D 507 1598 1
27 L 0 736 1
27 L 0 929 1
27 D 276 736 1
27 D 276 929 1
27 L 0 346 1
27 L 0 1484 1
27 D 276 346 1
27 D 276 1484 1
27 L 0 238 1
27 D 276 238 1
10 L 0 1712 1
10 L 0 1633 1
10 L 0 1714 1
10 L 0 1719 1
10 D 828 1712 1
10 D 828 1633 1
10 D 828 1714 1
10 D 828 1719 1
10 L 0 650 1
10 L 0 428 1
10 D 828 650 1
10 D 828 428 1
4 L 0 1345 1
4 L 0 1270 1
4 L 0 552 1
4 D 255 1345 1
4 D 255 1270 1
4 D 255 552 1
18 L 0 453 1
18 L 0 54 1
18 L 0 794 1
18 D 77 453 1
18 D 77 54 1
18 D 77 794 1
18 L 0 1451 1
18 D 77 1451 1
5 L 0 1091 1
5 L 0 1828 1
5 L 0 216 1
5 L 0 684 1
5 D 508 1091 1
5 D 508 1828 1
5 D 508 216 1
5 D 508 684 1
5 L 0 1162 1
5 L 0 1262 1
5 D 508 1162 1
5 D 508 1262 1
5 L 0 1435 1
5 L 0 862 1
5 D 508 1435 1
5 D 508 862 1
5 L 0 1631 1
5 D 508 1631 1
20 L 0 852 1
20 L 0 45 1
20 D 446 852 1
20 D 446 45 1
12 L 0 356 1
12 L 0 454 1
12 L 0 171 1
12 D 797 356 1
12 D 797 454 1
12 D 797 171 1
8 L 0 610 1
8 L 0 962 1
8 L 0 1699 1
8 L 0 932 1
8 L 0 1860 1
8 D 738 610 1
8 D 738 962 1
8 D 738 1699 1
8 D 738 932 1
8 D 738 1860 1
8 L 5 772 1
8 L 5 1321 1
8 L 5 446 1
8 D 738 772 1
8 D 738 1321 1
8 D 738 446 1
8 L 5 1867 1
8 L 5 1073 1
8 L 5 1300 1
8 D 738 1867 1
8 D 738 1073 1
8 D 738 1300 1
8 L 5 1846 1
8 L 5 409 1
8 D 738 1846 1
8 D 738 409 1
8 L 5 988 1
8 L 5 988 1
8 D 738 988 1
8 D 738 988 1
8 L 5 127 1
8 D 738 127 1
2 L 0 931 1
2 L 0 837 1
2 L 0 1529 1
2 L 0 479 1
2 D 861 931 1
2 D 861 837 1
2 D 861 1529 1
2 D 861 479 1
3 L 0 1634 1
3 L 0 1043 1
3 L 0 299 1
3 D 713 1634 1
3 D 713 1043 1
3 D 713 299 1
3 L 0 1045 1
3 L 0 1640 1
3 L 0 1533 1
3 D 713 1045 1
3 D 713 1640 1
3 D 713 1533 1
3 L 0 312 1
3 L 0 1196 1
3 D 713 312 1
3 D 713 1196 1
3 L 0 911 1
3 D 713 911 1
22 L 0 1040 1
22 L 0 161 1
22 L 0 1490 1
22 D 951 1040 1
22 D 951 161 1
22 D 951 1490 1
22 L 0 501 1
22 L 0 278 1
22 L 0 713 1
22 D 951 501 1
22 D 951 278 1
22 D 951 713 1
22 L 0 297 1
22 L 0 1131 1
22 L 0 1613 1
22 D 951 297 1
22 D 951 1131 1
22 D 951 1613 1
16 L 0 16 1
16 L 0 1600 1
16 L 0 789 1
16 L 0 967 1
16 D 441 16 1
16 D 441 1600 1
16 D 441 789 1
16 D 441 967 1
16 L 5 823 1
16 L 5 1246 1
16 L 5 1487 1
16 D 441 823 1
16 D 441 1246 1
16 D 441 1487 1
7 L 0 1473 1
7 L 0 1924 1
7 D 485 1473 1
7 D 485 1924 1
7 L 0 1745 1
7 L 0 983 1
7 D 485 1745 1
7 D 485 983 1
7 L 0 1691 1
7 L 0 1854 1
7 D 485 1691 1
7 D 485 1854 1
21 L 0 1280 1
21 L 0 384 1
21 L 0 370 1
21 L 0 183 1
21 L 0 1646 1
21 D 46 1280 1
21 D 46 384 1
21 D 46 370 1
21 D 46 183 1
21 D 46 1646 1
21 L 1 1506 1
21 L 1 1988 1
21 L 1 1342 1
21 D 46 1506 1
21 D 46 1988 1
21 D 46 1342 1
21 L 1 1191 1
21 L 1 383 1
21 D 46 1191 1
21 D 46 383 1
19 L 0 257 1
19 L 0 1606 1
19 L 0 649 1
19 D 66 257 1
19 D 66 1606 1
19 D 66 649 1
19 L 0 1915 1
19 D 66 1915 1
28 L 0 1437 1
28 L 0 1438 1
28 L 0 303 1
28 D 103 1437 1
28 D 103 1438 1
28 D 103 303 1
9 L 0 129 1
9 L 0 1714 1
9 L 0 1667 1
9 L 0 1023 1
9 D 373 129 1
9 D 373 1714 1
9 D 373 1667 1
9 D 373 1023 1
1 L 0 1034 1
1 L 0 27 1
1 L 0 907 1
1 L 0 235 1
1 D 791 1034 1
1 D 791 27 1
1 D 791 907 1
1 D 791 235 1
0 L 0 97 1
0 L 0 449 1
0 L 0 931 1
0 L 0 299 1
0 L 0 1132 1
0 D 867 97 1
0 D 867 449 1
0 D 867 931 1
0 D 867 299 1
0 D 867 1132 1
0 L 0 427 1
0 L 0 1004 1
0 D 867 427 1
0 D 867 1004 1
0 L 0 429 1
0 L 0 685 1
0 L 0 1646 1
0 L 0 974 1
0 D 867 429 1
0 D 867 685 1
0 D 867 1646 1
0 D 867 974 1
0 L 0 815 1
0 L 0 1780 1
0 L 0 283 1
0 D 867 815 1
0 D 867 1780 1
0 D 867 283 1
0 L 0 1045 1
0 L 0 1050 1
0 D 867 1045 1
0 D 867 1050 1
0 L 0 922 1
0 D 867 922 1
17 L 0 628 1
17 L 0 901 1
17 L 0 94 1
17 D 973 628 1
17 D 973 901 1
17 D 973 94 1
15 L 0 82 1
15 L 0 243 1
15 L 0 1355 1
15 D 792 82 1
15 D 792 243 1
15 D 792 1355 1
15 L 0 468 1
15 L 0 1911 1
15 L 0 871 1
15 D 792 468 1
15 D 792 1911 1
15 D 792 871 1
15 L 0 1690 1
15 L 0 270 1
15 D 792 1690 1
15 D 792 270 1
26 L 0 1448 1
26 L 0 282 1
26 L 0 1486 1
26 D 781 1448 1
26 D 781 282 1
26 D 781 1486 1
26 L 1 286 1
26 L 1 927 1
26 D 781 286 1
26 D 781 927 1
4 L 0 1986 1
4 L 0 984 1
4 L 0 1818 1
4 D 327 1986 1
4 D 327 984 1
4 D 327 1818 1
4 L 0 965 1
4 L 0 1285 1
4 D 327 965 1
4 D 327 1285 1
4 L 0 775 1
4 L 0 1835 1
4 D 327 775 1
4 D 327 1835 1
20 L 0 642 1
20 L 0 900 1
20 L 0 1595 1
20 D 816 642 1
20 D 816 900 1
20 D 816 1595 1
20 L 0 887 1
20 D 816 887 1
20 L 0 1243 1
20 D 816 1243 1
12 L 0 417 1
12 L 0 642 1
12 L 0 517 1
12 L 0 1977 1
12 D 672 417 1
12 D 672 642 1
12 D 672 517 1
12 D 672 1977 1
12 L 5 1028 1
12 L 5 356 1
12 L 5 1062 1
12 D 672 1028 1
12 D 672 356 1
12 D 672 1062 1
12 L 5 816 1
12 L 5 242 1
12 L 5 1086 1
12 D 672 816 1
12 D 672 242 1
12 D 672 1086 1
12 L 5 1940 1
12 L 5 822 1
12 L 5 442 1
12 D 672 1940 1
12 D 672 822 1
12 D 672 442 1
2 L 0 806 1
2 L 0 1638 1
2 L 0 1547 1
2 L 0 1870 1
2 D 92 806 1
2 D 92 1638 1
2 D 92 1547 1
2 D 92 1870 1
2 L 0 764 1
2 D 92 764 1
24 L 0 1920 1
24 L 0 865 1
24 L 0 645 1
24 L 0 1000 1
24 D 460 1920 1
24 D 460 865 1
24 D 460 645 1
24 D 460 1000 1
24 L 1 1542 1
24 L 1 300 1
24 L 1 399 1
24 D 460 1542 1
24 D 460 300 1
24 D 460 399 1
24 L 1 1229 1
24 L 1 751 1
24 L 1 626 1
24 D 460 1229 1
24 D 460 751 1
24 D 460 626 1
24 L 1 1331 1
24 L 1 757 1
24 L 1 1631 1
24 D 460 1331 1
24 D 460 757 1
24 D 460 1631 1
24 L 1 1559 1
24 D 460 1559 1
28 L 5 951 1
28 L 5 1147 1
28 D 979 951 1
28 D 979 1147 1
28 L 5 175 1
28 D 979 175 1
9 L 0 1538 1
9 L 0 643 1
9 L 0 1309 1
9 D 502 1538 1
9 D 502 643 1
9 D 502 1309 1
9 L 1 822 1
9 L 1 104 1
9 D 502 822 1
9 D 502 104 1
1 L 0 1712 1
1 L 0 449 1
1 L 0 741 1
1 L 0 534 1
1 L 0 605 1
1 D 100 1712 1
1 D 100 449 1
1 D 100 741 1
1 D 100 534 1
1 D 100 605 1
1 L 0 18 1
1 L 0 1413 1
1 D 100 18 1
1 D 100 1413 1
1 L 0 887 1
1 L 0 983 1
1 D 100 887 1
1 D 100 983 1
1 L 0 185 1
1 L 0 553 1
1 D 100 185 1
1 D 100 553 1
1 L 0 1130 1
1 D 100 1130 1
17 L 0 531 1
17 L 0 484 1
17 D 171 531 1
17 D 171 484 1
29 L 0 1170 1
29 L 0 342 1
29 L 0 1703 1
29 L 0 919 1
29 L 0 616 1
29 L 0 732 1
29 D 222 1170 1
29 D 222 342 1
29 D 222 1703 1
29 D 222 919 1
29 D 222 616 1
29 D 222 732 1
29 L 0 1704 1
29 L 0 1160 1
29 D 222 1704 1
29 D 222 1160 1
29 L 0 841 1
29 L 0 1133 1
29 D 222 841 1
29 D 222 1133 1
29 L 0 1902 1
29 L 0 863 1
29 D 222 1902 1
29 D 222 863 1
6 L 0 68 1
6 L 0 614 1
6 L 0 795 1
6 D 325 68 1
6 D 325 614 1
6 D 325 795 1
6 L 0 44 1
6 L 0 1631 1
6 D 325 44 1
6 D 325 1631 1
14 L 0 832 1
14 L 0 1459 1
14 L 0 151 1
14 D 416 832 1
14 D 416 1459 1
14 D 416 151 1
14 L 0 1719 1
14 L 0 971 1
14 L 0 749 1
14 D 416 1719 1
14 D 416 971 1
14 D 416 749 1
14 L 0 782 1
14 D 416 782 1
16 L 5 1408 1
16 L 5 1602 1
16 L 5 227 1
16 D 348 1408 1
16 D 348 1602 1
16 D 348 227 1
16 L 5 679 1
16 L 5 684 1
16 L 5 1741 1
16 D 348 679 1
16 D 348 684 1
16 D 348 1741 1
16 L 5 238 1
16 L 5 591 1
16 L 5 80 1
16 L 5 468 1
16 L 5 283 1
16 D 348 238 1
16 D 348 591 1
16 D 348 80 1
16 D 348 468 1
16 D 348 283 1
16 L 5 1137 1
16 L 5 1334 1
16 D 348 1137 1
16 D 348 1334 1
16 L 5 475 1
16 L 5 157 1
16 D 348 475 1
16 D 348 157 1
10 L 0 1251 1
10 L 0 900 1
10 L 0 1062 1
10 L 0 360 1
10 D 449 1251 1
10 D 449 900 1
10 D 449 1062 1
10 D 449 360 1
10 L 0 1607 1
10 L 0 57 1
10 L 0 28 1
10 D 449 1607 1
10 D 449 57 1
10 D 449 28 1
10 L 0 382 1
10 L 0 383 1
10 D 449 382 1
10 D 449 383 1
25 L 0 704 1
25 L 0 483 1
25 L 0 1316 1
25 L 0 1222 1
25 D 840 704 1
25 D 840 483 1
25 D 840 1316 1
25 D 840 1222 1
25 L 1 1078 1
25 L 1 73 1
25 D 840 1078 1
25 D 840 73 1
25 L 1 415 1
25 D 840 415 1
18 L 0 1200 1
18 L 0 772 1
18 L 0 1287 1
18 D 775 1200 1
18 D 775 772 1
18 D 775 1287 1
18 L 0 1677 1
18 D 775 1677 1
23 L 0 1328 1
23 L 0 420 1
23 L 0 1558 1
23 D 850 1328 1
23 D 850 420 1
23 D 850 1558 1
23 L 1 99 1
23 L 1 759 1
23 D 850 99 1
23 D 850 759 1
23 L 1 1158 1
23 L 1 1255 1
23 L 1 172 1
23 L 1 1278 1
23 D 850 1158 1
23 D 850 1255 1
23 D 850 172 1
23 D 850 1278 1
23 L 1 140 1
23 L 1 911 1
23 D 850 140 1
23 D 850 911 1
11 L 0 1508 1
11 L 0 1653 1
11 D 858 1508 1
11 D 858 1653 1
28 L 5 688 1
28 L 5 1649 1
28 L 5 323 1
28 L 5 71 1
28 D 739 688 1
28 D 739 1649 1
28 D 739 323 1
28 D 739 71 1
28 L 0 1558 1
28 L 0 136 1
28 D 739 1558 1
28 D 739 136 1
27 L 0 768 1
27 L 0 1093 1
27 L 0 1063 1
27 L 0 523 1
27 D 165 768 1
27 D 165 1093 1
27 D 165 1063 1
27 D 165 523 1
27 L 0 481 1
27 L 0 614 1
27 L 0 1965 1
27 D 165 481 1
27 D 165 614 1
27 D 165 1965 1
27 L 0 1550 1
27 L 0 943 1
27 L 0 1267 1
27 D 165 1550 1
27 D 165 943 1
27 D 165 1267 1
27 L 0 634 1
27 L 0 1243 1
27 L 0 571 1
27 D 165 634 1
27 D 165 1243 1
27 D 165 571 1
27 L 0 1019 1
27 L 0 1404 1
27 L 0 28 1
27 D 165 1019 1
27 D 165 1404 1
27 D 165 28 1
27 L 0 1021 1
27 D 165 1021 1
19 L 0 342 1
19 L 0 908 1
19 D 536 342 1
19 D 536 908 1
26 L 1 672 1
26 L 1 783 1
26 D 253 672 1
26 D 253 783 1
16 L 5 1025 1
16 L 5 225 1
16 L 5 1602 1
16 L 5 200 1
16 D 264 1025 1
16 D 264 225 1
16 D 264 1602 1
16 D 264 200 1
16 L 0 988 1
16 D 264 988 1
16 L 0 127 1
16 D 264 127 1
13 L 0 720 1
13 L 0 1217 1
13 L 0 777 1
13 D 651 720 1
13 D 651 1217 1
13 D 651 777 1
13 L 0 1748 1
13 L 0 1973 1
13 D 651 1748 1
13 D 651 1973 1
13 L 0 567 1
13 L 0 525 1
13 D 651 567 1
13 D 651 525 1
17 L 1 1443 1
17 L 1 54 1
17 D 145 1443 1
17 D 145 54 1
17 L 1 1063 1
17 L 1 935 1
17 L 1 920 1
17 D 145 1063 1
17 D 145 935 1
17 D 145 920 1
17 L 1 205 1
17 D 145 205 1
17 L 1 1246 1
17 D 145 1246 1
11 L 0 66 1
11 L 0 850 1
11 L 0 500 1
11 D 702 66 1
11 D 702 850 1
11 D 702 500 1
11 L 0 1075 1
11 L 0 1334 1
11 L 0 1513 1
11 L 0 1178 1
11 D 702 1075 1
11 D 702 1334 1
11 D 702 1513 1
11 D 702 1178 1
11 L 0 730 1
11 D 702 730 1
26 L 1 583 1
26 D 386 583 1
9 L 1 755 1
9 L 1 1411 1
9 L 1 1860 1
9 D 613 755 1
9 D 613 1411 1
9 D 613 1860 1
9 L 1 1957 1
9 L 1 1611 1
9 D 613 1957 1
9 D 613 1611 1
22 L 0 1328 1
22 L 0 21 1
22 D 251 1328 1
22 D 251 21 1
7 L 0 865 1
7 L 0 801 1
7 L 0 1893 1
7 L 0 1887 1
7 D 32 865 1
7 D 32 801 1
7 D 32 1893 1
7 D 32 1887 1
7 L 0 803 1
7 L 0 1740 1
7 L 0 719 1
7 D 32 803 1
7 D 32 1740 1
7 D 32 719 1
7 L 0 1039 1
7 L 0 563 1
7 L 0 446 1
7 D 32 1039 1
7 D 32 563 1
7 D 32 446 1
7 L 0 437 1
7 L 0 471 1
7 D 32 437 1
7 D 32 471 1
7 L 0 1622 1
7 D 32 1622 1
7 L 0 1052 1
7 D 32 1052 1
26 L 1 1857 1
26 L 1 1158 1
26 L 1 1022 1
26 D 310 1857 1
26 D 310 1158 1
26 D 310 1022 1
5 L 0 966 1
5 L 0 41 1
5 L 0 108 1
5 D 195 966 1
5 D 195 41 1
5 D 195 108 1
5 L 1 1453 1
5 D 195 1453 1
19 L 0 1355 1
19 L 0 1643 1
19 L 0 28 1
19 D 336 1355 1
19 D 336 1643 1
19 D 336 28 1
24 L 1 1094 1
24 L 1 807 1
24 D 525 1094 1
24 D 525 807 1
24 L 1 1662 1
24 D 525 1662 1
2 L 0 1329 1
2 L 0 486 1
2 D 572 1329 1
2 D 572 486 1
12 L 5 984 1
12 L 5 713 1
12 L 5 1977 1
12 D 620 984 1
12 D 620 713 1
12 D 620 1977 1
12 L 1 1164 1
12 D 620 1164 1
6 L 0 1142 1
6 L 0 1943 1
6 L 0 1241 1
6 L 0 1113 1
6 L 0 139 1
6 D 109 1142 1
6 D 109 1943 1
6 D 109 1241 1
6 D 109 1113 1
6 D 109 139 1
6 L 0 1451 1
6 D 109 1451 1
15 L 0 465 1
15 L 0 1905 1
15 D 468 465 1
15 D 468 1905 1
15 L 0 1363 1
15 L 0 879 1
15 D 468 1363 1
15 D 468 879 1
3 L 0 421 1
3 L 0 1898 1
3 L 0 238 1
3 D 565 421 1
3 D 565 1898 1
3 D 565 238 1
3 L 0 1545 1
3 D 565 1545 1
26 L 1 1267 1
26 L 1 1816 1
26 D 812 1267 1
26 D 812 1816 1
26 L 1 1435 1
26 L 1 1855 1
26 D 812 1435 1
26 D 812 1855 1
9 L 1 1057 1
9 L 1 696 1
9 L 1 649 1
9 L 1 553 1
9 D 423 1057 1
9 D 423 696 1
9 D 423 649 1
9 D 423 553 1
9 L 1 1357 1
9 D 423 1357 1
22 L 1 660 1
22 L 1 789 1
22 L 1 1741 1
22 L 1 63 1
22 D 1 660 1
22 D 1 789 1
22 D 1 1741 1
22 D 1 63 1
22 L 14 1910 1
22 L 14 505 1
22 D 1 1910 1
22 D 1 505 1
22 L 14 1886 1
22 L 14 1486 1
22 D 1 1886 1
22 D 1 1486 1
18 L 0 564 1
18 L 0 975 1
18 D 649 564 1
18 D 649 975 1
4 L 0 1962 1
4 D 675 1962 1
16 L 0 480 1
16 L 0 1037 1
16 L 0 1021 1
16 L 0 1502 1
16 D 783 480 1
16 D 783 1037 1
16 D 783 1021 1
16 D 783 1502 1
17 L 1 1392 1
17 L 1 50 1
17 L 1 1383 1
17 L 1 825 1
17 D 130 1392 1
17 D 130 50 1
17 D 130 1383 1
17 D 130 825 1
17 L 14 1163 1
17 L 14 557 1
17 L 14 157 1
17 D 130 1163 1
17 D 130 557 1
17 D 130 157 1
20 L 0 252 1
20 L 0 764 1
20 L 0 270 1
20 D 146 252 1
20 D 146 764 1
20 D 146 270 1
20 L 0 335 1
20 D 146 335 1
24 L 1 512 1
24 L 1 1329 1
24 L 1 338 1
24 D 67 512 1
24 D 67 1329 1
24 D 67 338 1
24 L 1 1097 1
24 D 67 1097 1
19 L 0 25 1
19 L 0 795 1
19 L 0 523 1
19 D 395 25 1
19 D 395 795 1
19 D 395 523 1
19 L 0 1260 1
19 D 395 1260 1
2 L 0 1062 1
2 L 0 1703 1
2 L 0 1579 1
2 L 0 1627 1
2 D 932 1062 1
2 D 932 1703 1
2 D 932 1579 1
2 D 932 1627 1
2 L 0 748 1
2 D 932 748 1
14 L 0 1568 1
14 L 0 547 1
14 L 0 1176 1
14 L 0 953 1
14 L 0 699 1
14 D 73 1568 1
14 D 73 547 1
14 D 73 1176 1
14 D 73 953 1
14 D 73 699 1
14 L 0 1065 1
14 L 0 1005 1
14 D 73 1065 1
14 D 73 1005 1
14 L 0 1566 1
14 D 73 1566 1
9 L 1 1153 1
9 L 1 1729 1
9 L 1 454 1
9 D 733 1153 1
9 D 733 1729 1
9 D 733 454 1
9 L 1 835 1
9 L 1 965 1
9 L 1 496 1
9 D 733 835 1
9 D 733 965 1
9 D 733 496 1
9 L 1 1738 1
9 L 1 906 1
9 D 733 1738 1
9 D 733 906 1
9 L 1 593 1
9 L 1 1813 1
9 D 733 593 1
9 D 733 1813 1
9 L 1 854 1
9 L 1 375 1
9 L 1 471 1
9 D 733 854 1
9 D 733 375 1
9 D 733 471 1
9 L 1 26 1
9 D 733 26 1
26 L 1 940 1
26 D 923 940 1
12 L 1 1794 1
12 L 1 1958 1
12 D 384 1794 1
12 D 384 1958 1
12 L 5 1637 1
12 L 5 1737 1
12 D 384 1637 1
12 D 384 1737 1
12 L 5 1513 1
12 L 5 779 1
12 L 5 300 1
12 L 5 238 1
12 D 384 1513 1
12 D 384 779 1
12 D 384 300 1
12 D 384 238 1
12 L 5 78 1
12 L 5 656 1
12 L 5 211 1
12 D 384 78 1
12 D 384 656 1
12 D 384 211 1
12 L 5 1685 1
12 L 5 694 1
12 D 384 1685 1
12 D 384 694 1
12 L 5 1434 1
12 D 384 1434 1
10 L 0 992 1
10 L 0 1331 1
10 L 0 1204 1
10 L 0 900 1
10 D 125 992 1
10 D 125 1331 1
10 D 125 1204 1
10 D 125 900 1
10 L 0 1443 1
10 L 0 1327 1
10 D 125 1443 1
10 D 125 1327 1
10 L 0 922 1
10 L 0 284 1
10 D 125 922 1
10 D 125 284 1
10 L 0 1259 1
10 L 0 1580 1
10 D 125 1259 1
10 D 125 1580 1
4 L 0 1312 1
4 L 0 1715 1
4 L 0 324 1
4 D 227 1312 1
4 D 227 1715 1
4 D 227 324 1
4 L 0 1662 1
4 L 0 719 1
4 D 227 1662 1
4 D 227 719 1
17 L 14 690 1
17 L 14 1173 1
17 L 14 375 1
17 L 14 937 1
17 D 877 690 1
17 D 877 1173 1
17 D 877 375 1
17 D 877 937 1
17 L 14 916 1
17 L 14 1593 1
17 L 14 26 1
17 D 877 916 1
17 D 877 1593 1
17 D 877 26 1
17 L 14 907 1
17 L 14 491 1
17 L 14 1070 1
17 L 14 334 1
17 D 877 907 1
17 D 877 491 1
17 D 877 1070 1
17 D 877 334 1
18 L 0 1762 1
18 D 681 1762 1
26 L 1 563 1
26 L 1 216 1
26 D 44 563 1
26 D 44 216 1
5 L 1 610 1
5 L 1 499 1
5 L 1 184 1
5 D 229 610 1
5 D 229 499 1
5 D 229 184 1
5 L 14 1908 1
5 L 14 970 1
5 D 229 1908 1
5 D 229 970 1
29 L 0 83 1
29 L 0 1444 1
29 L 0 1541 1
29 D 131 83 1
29 D 131 1444 1
29 D 131 1541 1
29 L 1 86 1
29 L 1 1927 1
29 L 1 762 1
29 D 131 86 1
29 D 131 1927 1
29 D 131 762 1
0 L 0 466 1
0 L 0 1380 1
0 L 0 421 1
0 D 214 466 1
0 D 214 1380 1
0 D 214 421 1
0 L 0 1803 1
0 D 214 1803 1
24 L 1 1313 1
24 L 1 1653 1
24 D 108 1313 1
24 D 108 1653 1
24 L 14 1641 1
24 L 14 1786 1
24 D 108 1641 1
24 D 108 1786 1
13 L 0 137 1
13 D 400 137 1
17 L 14 452 1
17 L 14 1304 1
17 L 14 538 1
17 D 995 452 1
17 D 995 1304 1
17 D 995 538 1
17 L 14 1309 1
17 L 14 126 1
17 L 14 591 1
17 D 995 1309 1
17 D 995 126 1
17 D 995 591 1
3 L 0 105 1
3 L 0 1737 1
3 L 0 748 1
3 D 435 105 1
3 D 435 1737 1
3 D 435 748 1
15 L 0 659 1
15 L 0 820 1
15 L 0 1547 1
15 D 935 659 1
15 D 935 820 1
15 D 935 1547 1
15 L 0 1052 1
15 D 935 1052 1
22 L 14 1220 1
22 L 14 92 1
22 L 14 1950 1
22 D 487 1220 1
22 D 487 92 1
22 D 487 1950 1
22 L 14 911 1
22 D 487 911 1
6 L 0 1794 1
6 L 0 1300 1
6 D 75 1794 1
6 D 75 1300 1
6 L 0 1874 1
6 L 0 757 1
6 D 75 1874 1
6 D 75 757 1
6 L 0 963 1
6 L 0 840 1
6 L 0 1951 1
6 D 75 963 1
6 D 75 840 1
6 D 75 1951 1
26 L 1 594 1
26 L 1 645 1
26 L 1 1590 1
26 L 1 439 1
26 D 241 594 1
26 D 241 645 1
26 D 241 1590 1
26 D 241 439 1
26 L 14 86 1
26 L 14 919 1
26 L 14 1527 1
26 L 14 1020 1
26 D 241 86 1
26 D 241 919 1
26 D 241 1527 1
26 D 241 1020 1
26 L 14 891 1
26 L 14 975 1
26 D 241 891 1
26 D 241 975 1
17 L 14 290 1
17 L 14 1988 1
17 L 14 790 1
17 D 105 290 1
17 D 105 1988 1
17 D 105 790 1
17 L 14 1886 1
17 D 105 1886 1
11 L 0 1203 1
11 L 0 56 1
11 D 429 1203 1
11 D 429 56 1
18 L 0 1409 1
18 L 0 483 1
18 L 0 1843 1
18 L 0 158 1
18 D 707 1409 1
18 D 707 483 1
18 D 707 1843 1
18 D 707 158 1
20 L 0 1541 1
20 L 0 1127 1
20 L 0 1896 1
20 D 993 1541 1
20 D 993 1127 1
20 D 993 1896 1
22 L 14 1488 1
22 L 14 1537 1
22 L 14 769 1
22 L 14 786 1
22 L 14 989 1
22 D 127 1488 1
22 D 127 1537 1
22 D 127 769 1
22 D 127 786 1
22 D 127 989 1
22 L 14 308 1
22 L 14 885 1
22 L 14 680 1
22 L 14 857 1
22 D 127 308 1
22 D 127 885 1
22 D 127 680 1
22 D 127 857 1
22 L 14 1594 1
22 L 14 1820 1
22 L 14 591 1
22 D 127 1594 1
22 D 127 1820 1
22 D 127 591 1
1 L 0 1617 1
1 L 0 101 1
1 D 520 1617 1
1 D 520 101 1
17 L 14 1489 1
17 L 14 34 1
17 L 14 770 1
17 D 667 1489 1
17 D 667 34 1
17 D 667 770 1
17 L 14 1821 1
17 L 14 749 1
17 D 667 1821 1
17 D 667 749 1
13 L 0 1712 1
13 L 0 99 1
13 D 889 1712 1
13 D 889 99 1
13 L 0 133 1
13 L 0 822 1
13 L 0 505 1
13 D 889 133 1
13 D 889 822 1
13 D 889 505 1
13 L 0 1209 1
13 D 889 1209 1
13 L 0 1451 1
13 L 0 635 1
13 D 889 1451 1
13 D 889 635 1
13 L 0 750 1
13 D 889 750 1
19 L 0 816 1
19 L 0 190 1
19 D 182 816 1
19 D 182 190 1
5 L 14 1713 1
5 L 14 407 1
5 L 14 583 1
5 L 14 1582 1
5 D 309 1713 1
5 D 309 407 1
5 D 309 583 1
5 D 309 1582 1
5 L 1 1196 1
5 L 1 958 1
5 L 1 1822 1
5 L 1 1279 1
5 D 309 1196 1
5 D 309 958 1
5 D 309 1822 1
5 D 309 1279 1
2 L 0 1034 1
2 L 0 1327 1
2 D 440 1034 1
2 D 440 1327 1
3 L 0 742 1
3 L 0 1402 1
3 L 0 508 1
3 L 0 63 1
3 D 663 742 1
3 D 663 1402 1
3 D 663 508 1
3 D 663 63 1
3 L 4 719 1
3 D 663 719 1
24 L 14 552 1
24 L 14 1759 1
24 L 14 399 1
24 D 998 552 1
24 D 998 1759 1
24 D 998 399 1
11 L 0 613 1
11 L 0 1480 1
11 L 0 334 1
11 D 30 613 1
11 D 30 1480 1
11 D 30 334 1
11 L 0 843 1
11 L 0 1406 1
11 D 30 843 1
11 D 30 1406 1
11 L 0 859 1
11 D 30 859 1
4 L 0 1287 1
4 L 0 1209 1
4 D 220 1287 1
4 D 220 1209 1
4 L 4 394 1
4 D 220 394 1
18 L 0 898 1
18 L 0 335 1
18 D 822 898 1
18 D 822 335 1
0 L 0 244 1
0 L 0 1589 1
0 L 0 333 1
0 D 434 244 1
0 D 434 1589 1
0 D 434 333 1
0 L 1 1550 1
0 L 1 446 1
0 D 434 1550 1
0 D 434 446 1
20 L 0 697 1
20 L 0 1002 1
20 L 0 1322 1
20 D 730 697 1
20 D 730 1002 1
20 D 730 1322 1
20 L 0 941 1
20 L 0 958 1
20 D 730 941 1
20 D 730 958 1
1 L 0 1936 1
1 L 0 725 1
1 L 0 185 1
1 L 0 1822 1
1 D 37 1936 1
1 D 37 725 1
1 D 37 185 1
1 D 37 1822 1
17 L 14 208 1
17 L 14 195 1
17 L 14 1589 1
17 D 641 208 1
17 D 641 195 1
17 D 641 1589 1
17 L 14 1588 1
17 L 14 823 1
17 D 641 1588 1
17 D 641 823 1
17 L 14 808 1
17 D 641 808 1
24 L 1 1424 1
24 L 1 114 1
24 L 1 420 1
24 D 199 1424 1
24 D 199 114 1
24 D 199 420 1
24 L 14 388 1
24 L 14 710 1
24 D 199 388 1
24 D 199 710 1
24 L 14 1482 1
24 L 14 1307 1
24 L 14 1547 1
24 L 14 1595 1
24 D 199 1482 1
24 D 199 1307 1
24 D 199 1547 1
24 D 199 1595 1
24 L 14 1996 1
24 L 14 782 1
24 D 199 1996 1
24 D 199 782 1
24 L 14 1183 1
24 D 199 1183 1
22 L 14 785 1
22 L 14 820 1
22 L 14 184 1
22 D 695 785 1
22 D 695 820 1
22 D 695 184 1
22 L 14 1250 1
22 L 14 229 1
22 L 14 877 1
22 D 695 1250 1
22 D 695 229 1
22 D 695 877 1
22 L 14 774 1
22 L 14 1965 1
22 D 695 774 1
22 D 695 1965 1
22 L 14 427 1
22 D 695 427 1
5 L 1 688 1
5 L 1 1457 1
5 L 1 1843 1
5 L 1 195 1
5 D 163 688 1
5 D 163 1457 1
5 D 163 1843 1
5 D 163 195 1
5 L 1 1988 1
5 L 1 116 1
5 L 1 823 1
5 D 163 1988 1
5 D 163 116 1
5 D 163 823 1
5 L 1 521 1
5 L 1 1305 1
5 D 163 521 1
5 D 163 1305 1
5 L 1 713 1
5 L 1 235 1
5 L 1 1982 1
5 D 163 713 1
5 D 163 235 1
5 D 163 1982 1
14 L 0 1888 1
14 L 0 1316 1
14 L 0 1830 1
14 L 0 618 1
14 D 531 1888 1
14 D 531 1316 1
14 D 531 1830 1
14 D 531 618 1
14 L 0 1798 1
14 L 0 615 1
14 L 0 1290 1
14 D 531 1798 1
14 D 531 615 1
14 D 531 1290 1
14 L 0 1450 1
14 L 0 1995 1
14 D 531 1450 1
14 D 531 1995 1
14 L 0 208 1
14 L 0 595 1
14 L 0 952 1
14 D 531 208 1
14 D 531 595 1
14 D 531 952 1
14 L 0 916 1
14 D 531 916 1
19 L 0 1204 1
19 L 0 488 1
19 L 0 905 1
19 L 0 73 1
19 D 6 1204 1
19 D 6 488 1
19 D 6 905 1
19 D 6 73 1
19 L 4 1833 1
19 L 4 1690 1
19 D 6 1833 1
19 D 6 1690 1
19 L 4 1580 1
19 D 6 1580 1
2 L 0 400 1
2 L 0 1413 1
2 L 0 631 1
2 D 292 400 1
2 D 292 1413 1
2 D 292 631 1
2 L 1 1289 1
2 L 1 89 1
2 D 292 1289 1
2 D 292 89 1
15 L 0 608 1
15 L 0 290 1
15 L 0 35 1
15 L 0 1531 1
15 D 992 608 1
15 D 992 290 1
15 D 992 35 1
15 D 992 1531 1
15 L 4 1222 1
15 L 4 1321 1
15 D 992 1222 1
15 D 992 1321 1
15 L 4 1035 1
15 L 4 1103 1
15 D 992 1035 1
15 D 992 1103 1
15 L 4 1779 1
15 L 4 1620 1
15 L 4 1278 1
15 D 992 1779 1
15 D 992 1620 1
15 D 992 1278 1
15 L 4 1243 1
15 L 4 1820 1
15 D 992 1243 1
15 D 992 1820 1
27 L 0 1351 1
27 L 0 713 1
27 L 0 1839 1
27 D 548 1351 1
27 D 548 713 1
27 D 548 1839 1
27 L 4 1465 1
27 L 4 1037 1
27 D 548 1465 1
27 D 548 1037 1
27 L 4 107 1
27 L 4 1678 1
27 D 548 107 1
27 D 548 1678 1
18 L 0 1856 1
18 L 0 369 1
18 L 0 1297 1
18 L 0 290 1
18 L 0 1129 1
18 D 193 1856 1
18 D 193 369 1
18 D 193 1297 1
18 D 193 290 1
18 D 193 1129 1
18 L 1 1378 1
18 L 1 1111 1
18 L 1 105 1
18 L 1 1598 1
18 D 193 1378 1
18 D 193 1111 1
18 D 193 105 1
18 D 193 1598 1
18 L 1 1496 1
18 L 1 350 1
18 D 193 1496 1
18 D 193 350 1
9 L 1 241 1
9 L 1 275 1
9 L 1 1860 1
9 L 1 1979 1
9 L 1 252 1
9 D 284 241 1
9 D 284 275 1
9 D 284 1860 1
9 D 284 1979 1
9 D 284 252 1
9 L 1 548 1
9 L 1 1817 1
9 L 1 1420 1
9 L 1 126 1
9 D 284 548 1
9 D 284 1817 1
9 D 284 1420 1
9 D 284 126 1
9 L 1 10 1
9 L 1 1549 1
9 D 284 10 1
9 D 284 1549 1
9 L 1 350 1
9 D 284 350 1
1 L 0 1024 1
1 L 0 1713 1
1 L 0 1499 1
1 D 744 1024 1
1 D 744 1713 1
1 D 744 1499 1
3 L 4 210 1
3 L 4 1782 1
3 L 4 1927 1
3 D 185 210 1
3 D 185 1782 1
3 D 185 1927 1
3 L 4 1064 1
3 L 4 1945 1
3 D 185 1064 1
3 D 185 1945 1
3 L 4 218 1
3 D 185 218 1
6 L 0 1335 1
6 D 980 1335 1
10 L 0 1990 1
10 L 0 1462 1
10 L 0 1387 1
10 L 0 573 1
10 D 21 1990 1
10 D 21 1462 1
10 D 21 1387 1
10 D 21 573 1
7 L 0 801 1
7 L 0 406 1
7 L 0 919 1
7 L 0 1754 1
7 D 23 801 1
7 D 23 406 1
7 D 23 919 1
7 D 23 1754 1
7 L 1 1464 1
7 L 1 1836 1
7 L 1 1853 1
7 D 23 1464 1
7 D 23 1836 1
7 D 23 1853 1
7 L 1 1677 1
7 D 23 1677 1
7 L 1 157 1
7 D 23 157 1
24 L 14 1541 1
24 L 14 167 1
24 D 304 1541 1
24 D 304 167 1
24 L 14 456 1
24 L 14 1196 1
24 D 304 456 1
24 D 304 1196 1
0 L 1 1393 1
0 L 1 786 1
0 L 1 1461 1
0 D 25 1393 1
0 D 25 786 1
0 D 25 1461 1
0 L 1 1338 1
0 L 1 1867 1
0 L 1 539 1
0 D 25 1338 1
0 D 25 1867 1
0 D 25 539 1
0 L 1 1005 1
0 L 1 30 1
0 D 25 1005 1
0 D 25 30 1
17 L 14 1939 1
17 L 14 1277 1
17 L 14 541 1
17 D 167 1939 1
17 D 167 1277 1
17 D 167 541 1
4 L 4 1713 1
4 L 4 261 1
4 L 4 1416 1
4 D 97 1713 1
4 D 97 261 1
4 D 97 1416 1
4 L 4 1195 1
4 L 4 653 1
4 D 97 1195 1
4 D 97 653 1
3 L 4 832 1
3 L 4 1473 1
3 L 4 1448 1
3 D 806 832 1
3 D 806 1473 1
3 D 806 1448 1
3 L 4 228 1
3 L 4 1447 1
3 L 4 1086 1
3 D 806 228 1
3 D 806 1447 1
3 D 806 1086 1
3 L 4 1510 1
3 L 4 153 1
3 L 4 777 1
3 D 806 1510 1
3 D 806 153 1
3 D 806 777 1
3 L 4 462 1
3 L 4 1918 1
3 D 806 462 1
3 D 806 1918 1
3 L 4 1199 1
3 D 806 1199 1
20 L 0 1537 1
20 L 0 1618 1
20 D 180 1537 1
20 D 180 1618 1
20 L 4 1798 1
20 L 4 262 1
20 D 180 1798 1
20 D 180 262 1
20 L 4 407 1
20 L 4 1497 1
20 D 180 407 1
20 D 180 1497 1
20 L 4 522 1
20 L 4 1340 1
20 D 180 522 1
20 D 180 1340 1
20 L 4 1467 1
20 D 180 1467 1
1 L 4 1744 1
1 L 4 481 1
1 D 632 1744 1
1 D 632 481 1
1 L 4 388 1
1 L 4 22 1
1 L 4 1887 1
1 D 632 388 1
1 D 632 22 1
1 D 632 1887 1
1 L 4 1846 1
1 L 4 1416 1
1 L 4 635 1
1 D 632 1846 1
1 D 632 1416 1
1 D 632 635 1
1 L 4 1580 1
1 L 4 398 1
1 D 632 1580 1
1 D 632 398 1
22 L 14 1584 1
22 L 14 372 1
22 L 14 231 1
22 D 187 1584 1
22 D 187 372 1
22 D 187 231 1
22 L 6 904 1
22 L 6 926 1
22 D 187 904 1
22 D 187 926 1
6 L 1 1589 1
6 L 1 1238 1
6 L 1 296 1
6 L 1 1962 1
6 D 148 1589 1
6 D 148 1238 1
6 D 148 296 1
6 D 148 1962 1
6 L 1 1644 1
6 L 1 15 1
6 D 148 1644 1
6 D 148 15 1
4 L 4 1328 1
4 L 4 688 1
4 L 4 1427 1
4 L 4 454 1
4 L 4 985 1
4 D 431 1328 1
4 D 431 688 1
4 D 431 1427 1
4 D 431 454 1
4 D 431 985 1
4 L 4 442 1
4 L 4 1482 1
4 D 431 442 1
4 D 431 1482 1
4 L 4 1611 1
4 L 4 380 1
4 D 431 1611 1
4 D 431 380 1
10 L 1 753 1
10 L 1 114 1
10 L 1 467 1
10 L 1 841 1
10 D 294 753 1
10 D 294 114 1
10 D 294 467 1
10 D 294 841 1
10 L 1 1574 1
10 D 294 1574 1
10 L 1 427 1
10 D 294 427 1
24 L 14 1584 1
24 L 14 688 1
24 L 14 1525 1
24 D 43 1584 1
24 D 43 688 1
24 D 43 1525 1
11 L 0 1617 1
11 L 0 1880 1
11 L 0 1658 1
11 D 750 1617 1
11 D 750 1880 1
11 D 750 1658 1
11 L 4 890 1
11 D 750 890 1
3 L 4 552 1
3 L 4 713 1
3 L 4 1230 1
3 D 62 552 1
3 D 62 713 1
3 D 62 1230 1
3 L 4 477 1
3 D 62 477 1
4 L 4 96 1
4 L 4 471 1
4 L 4 382 1
4 D 729 96 1
4 D 729 471 1
4 D 729 382 1
22 L 6 1299 1
22 L 6 534 1
22 L 6 1607 1
22 L 6 1997 1
22 D 989 1299 1
22 D 989 534 1
22 D 989 1607 1
22 D 989 1997 1
22 L 6 1527 1
22 D 989 1527 1
1 L 4 853 1
1 L 4 856 1
1 L 4 314 1
1 D 99 853 1
1 D 99 856 1
1 D 99 314 1
1 L 4 11 1
1 L 4 1023 1
1 D 99 11 1
1 D 99 1023 1
5 L 1 1328 1
5 L 1 723 1
5 L 1 836 1
5 D 929 1328 1
5 D 929 723 1
5 D 929 836 1
5 L 1 1233 1
5 L 1 572 1
5 D 929 1233 1
5 D 929 572 1
5 L 1 1559 1
5 D 929 1559 1
5 L 1 1246 1
5 D 929 1246 1
3 L 4 914 1
3 L 4 582 1
3 D 878 914 1
3 D 878 582 1
3 L 4 1771 1
3 L 4 701 1
3 L 4 1197 1
3 D 878 1771 1
3 D 878 701 1
3 D 878 1197 1
24 L 6 1747 1
24 L 6 157 1
24 D 123 1747 1
24 D 123 157 1
19 L 4 1106 1
19 L 4 438 1
19 L 4 1771 1
19 D 137 1106 1
19 D 137 438 1
19 D 137 1771 1
19 L 4 199 1
19 L 4 1839 1
19 D 137 199 1
19 D 137 1839 1
4 L 4 1858 1
4 L 4 1987 1
4 L 4 1316 1
4 L 4 1034 1
4 L 4 1462 1
4 D 399 1858 1
4 D 399 1987 1
4 D 399 1316 1
4 D 399 1034 1
4 D 399 1462 1
4 L 4 1476 1
4 L 4 1392 1
4 L 4 278 1
4 D 399 1476 1
4 D 399 1392 1
4 D 399 278 1
4 L 4 375 1
4 L 4 1400 1
4 L 4 1689 1
4 D 399 375 1
4 D 399 1400 1
4 D 399 1689 1
4 L 4 1276 1
4 L 4 733 1
4 D 399 1276 1
4 D 399 733 1
4 L 4 1854 1
4 L 4 1151 1
4 D 399 1854 1
4 D 399 1151 1
1 L 4 163 1
1 L 4 1012 1
1 L 4 455 1
1 D 936 163 1
1 D 936 1012 1
1 D 936 455 1
1 L 4 1733 1
1 L 4 1420 1
1 D 936 1733 1
1 D 936 1420 1
3 L 4 68 1
3 L 4 872 1
3 L 4 1438 1
3 D 189 68 1
3 D 189 872 1
3 D 189 1438 1
3 L 4 713 1
3 L 4 284 1
3 D 189 713 1
3 D 189 284 1
22 L 6 801 1
22 L 6 1681 1
22 D 326 801 1
22 D 326 1681 1
22 L 6 747 1
22 D 326 747 1
24 L 6 18 1
24 L 6 1002 1
24 D 198 18 1
24 D 198 1002 1
13 L 0 1344 1
13 D 40 1344 1
13 L 4 1964 1
13 D 40 1964 1
9 L 1 193 1
9 L 1 66 1
9 L 1 962 1
9 L 1 1860 1
9 L 1 342 1
9 D 903 193 1
9 D 903 66 1
9 D 903 962 1
9 D 903 1860 1
9 D 903 342 1
9 L 14 1647 1
9 L 14 624 1
9 L 14 796 1
9 D 903 1647 1
9 D 903 624 1
9 D 903 796 1
9 L 14 786 1
9 L 14 917 1
9 D 903 786 1
9 D 903 917 1
9 L 14 1496 1
9 D 903 1496 1
9 L 14 922 1
9 D 903 922 1
6 L 1 736 1
6 L 1 1476 1
6 L 1 335 1
6 D 619 736 1
6 D 619 1476 1
6 D 619 335 1
6 L 1 85 1
6 L 1 1736 1
6 D 619 85 1
6 D 619 1736 1
6 L 1 15 1
6 D 619 15 1
0 L 1 1794 1
0 L 1 964 1
0 L 1 1819 1
0 D 807 1794 1
0 D 807 964 1
0 D 807 1819 1
0 L 0 693 1
0 L 0 1479 1
0 L 0 153 1
0 D 807 693 1
0 D 807 1479 1
0 D 807 153 1
0 L 0 650 1
0 L 0 411 1
0 L 0 1487 1
0 D 807 650 1
0 D 807 411 1
0 D 807 1487 1
0 L 0 1214 1
0 D 807 1214 1
19 L 4 678 1
19 L 4 567 1
19 D 769 678 1
19 D 769 567 1
19 L 4 559 1
19 D 769 559 1
24 L 6 1744 1
24 L 6 1075 1
24 L 6 1123 1
24 D 84 1744 1
24 D 84 1075 1
24 D 84 1123 1
24 L 14 500 1
24 L 14 823 1
24 L 14 1047 1
24 D 84 500 1
24 D 84 823 1
24 D 84 1047 1
1 L 4 913 1
1 L 4 391 1
1 D 106 913 1
1 D 106 391 1
1 L 4 1304 1
1 D 106 1304 1
3 L 4 880 1
3 L 4 1751 1
3 L 4 281 1
3 D 723 880 1
3 D 723 1751 1
3 D 723 281 1
11 L 4 1204 1
11 L 4 1962 1
11 L 4 1789 1
11 D 940 1204 1
11 D 940 1962 1
11 D 940 1789 1
3 L 4 971 1
3 D 996 971 1
4 L 4 690 1
4 L 4 919 1
4 L 4 1691 1
4 D 676 690 1
4 D 676 919 1
4 D 676 1691 1
4 L 4 505 1
4 L 4 765 1
4 D 676 505 1
4 D 676 765 1
22 L 6 688 1
22 L 6 688 1
22 L 6 417 1
22 D 694 688 1
22 D 694 688 1
22 D 694 417 1
22 L 6 673 1
22 L 6 370 1
22 D 694 673 1
22 D 694 370 1
22 L 6 612 1
22 L 6 1208 1
22 D 694 612 1
22 D 694 1208 1
22 L 6 1705 1
22 L 6 716 1
22 D 694 1705 1
22 D 694 716 1
22 L 6 1837 1
22 D 694 1837 1
19 L 4 1313 1
19 L 4 1013 1
19 D 682 1313 1
19 D 682 1013 1
10 L 1 1841 1
10 L 1 691 1
10 L 1 1173 1
10 D 447 1841 1
10 D 447 691 1
10 D 447 1173 1
10 L 1 1897 1
10 D 447 1897 1
1 L 4 1945 1
1 L 4 1482 1
1 L 4 958 1
1 D 798 1945 1
1 D 798 1482 1
1 D 798 958 1
3 L 4 481 1
3 L 4 1267 1
3 L 4 809 1
3 D 780 481 1
3 D 780 1267 1
3 D 780 809 1
3 L 4 727 1
3 L 4 890 1
3 D 780 727 1
3 D 780 890 1
3 L 4 573 1
3 L 4 29 1
3 D 780 573 1
3 D 780 29 1
19 L 4 1088 1
19 L 4 1728 1
19 L 4 751 1
19 D 354 1088 1
19 D 354 1728 1
19 D 354 751 1
19 L 4 676 1
19 L 4 1138 1
19 L 4 1115 1
19 D 354 676 1
19 D 354 1138 1
19 D 354 1115 1
19 L 4 1545 1
19 L 4 1943 1
19 D 354 1545 1
19 D 354 1943 1
19 L 4 745 1
19 L 4 1875 1
19 D 354 745 1
19 D 354 1875 1
19 L 4 567 1
19 D 354 567 1
19 L 4 412 1
19 D 354 412 1
19 L 4 1534 1
19 D 354 1534 1
11 L 4 1542 1
11 L 4 265 1
11 L 4 586 1
11 D 482 1542 1
11 D 482 265 1
11 D 482 586 1
1 L 4 162 1
1 L 4 996 1
1 L 4 11 1
1 L 4 1596 1
1 D 411 162 1
1 D 411 996 1
1 D 411 11 1
1 D 411 1596 1
15 L 4 656 1
15 L 4 899 1
15 L 4 1240 1
15 D 930 656 1
15 D 930 899 1
15 D 930 1240 1
15 L 4 1891 1
15 L 4 1651 1
15 L 4 1476 1
15 D 930 1891 1
15 D 930 1651 1
15 D 930 1476 1
15 L 4 567 1
15 D 930 567 1
24 L 14 628 1
24 L 14 73 1
24 D 477 628 1
24 D 477 73 1
4 L 4 296 1
4 D 539 296 1
14 L 0 305 1
14 L 0 1492 1
14 D 906 305 1
14 D 906 1492 1
14 L 4 1321 1
14 D 906 1321 1
7 L 1 786 1
7 L 1 994 1
7 L 1 1491 1
7 D 942 786 1
7 D 942 994 1
7 D 942 1491 1
7 L 1 1349 1
7 L 1 1197 1
7 L 1 1501 1
7 D 942 1349 1
7 D 942 1197 1
7 D 942 1501 1
11 L 4 834 1
11 L 4 1527 1
11 L 4 631 1
11 D 680 834 1
11 D 680 1527 1
11 D 680 631 1
1 L 4 1300 1
1 L 4 508 1
1 D 838 1300 1
1 D 838 508 1
13 L 4 386 1
13 L 4 1234 1
13 L 4 1908 1
13 L 4 1022 1
13 D 965 386 1
13 D 965 1234 1
13 D 965 1908 1
13 D 965 1022 1
13 L 4 751 1
13 D 965 751 1
4 L 4 992 1
4 D 115 992 1
24 L 14 901 1
24 L 14 488 1
24 L 14 459 1
24 D 157 901 1
24 D 157 488 1
24 D 157 459 1
11 L 4 1186 1
11 L 4 1715 1
11 L 4 275 1
11 L 4 191 1
11 D 302 1186 1
11 D 302 1715 1
11 D 302 275 1
11 D 302 191 1
11 L 4 860 1
11 D 302 860 1
1 L 4 1764 1
1 L 4 1547 1
1 L 4 413 1
1 D 786 1764 1
1 D 786 1547 1
1 D 786 413 1
3 L 4 1952 1
3 L 4 1120 1
3 L 4 602 1
3 D 265 1952 1
3 D 265 1120 1
3 D 265 602 1
3 L 4 32 1
3 L 4 1569 1
3 D 265 32 1
3 D 265 1569 1
3 L 4 214 1
3 L 4 1690 1
3 D 265 214 1
3 D 265 1690 1
4 L 4 1792 1
4 L 4 71 1
4 D 443 1792 1
4 D 443 71 1
4 L 4 153 1
4 L 4 1884 1
4 D 443 153 1
4 D 443 1884 1
1 L 4 1554 1
1 L 4 726 1
1 L 4 1383 1
1 L 4 775 1
1 L 4 184 1
1 D 793 1554 1
1 D 793 726 1
1 D 793 1383 1
1 D 793 775 1
1 D 793 184 1
1 L 4 1769 1
1 L 4 204 1
1 D 793 1769 1
1 D 793 204 1
1 L 4 1164 1
1 D 793 1164 1
24 L 14 1843 1
24 L 14 1958 1
24 D 8 1843 1
24 D 8 1958 1
13 L 4 512 1
13 L 4 1347 1
13 L 4 549 1
13 L 4 1002 1
13 L 4 1115 1
13 L 4 252 1
13 D 852 512 1
13 D 852 1347 1
13 D 852 549 1
13 D 852 1002 1
13 D 852 1115 1
13 D 852 252 1
13 L 4 235 1
13 L 4 1836 1
13 L 4 1327 1
13 L 4 1423 1
13 L 4 920 1
13 D 852 235 1
13 D 852 1836 1
13 D 852 1327 1
13 D 852 1423 1
13 D 852 920 1
13 L 4 890 1
13 D 852 890 1
13 L 4 284 1
13 D 852 284 1
15 L 4 1864 1
15 L 4 1359 1
15 D 921 1864 1
15 D 921 1359 1
10 L 1 1830 1
10 L 1 392 1
10 L 1 670 1
10 D 314 1830 1
10 D 314 392 1
10 D 314 670 1
10 L 14 460 1
10 L 14 221 1
10 D 314 460 1
10 D 314 221 1
11 L 4 97 1
11 L 4 1955 1
11 L 4 954 1
11 D 436 97 1
11 D 436 1955 1
11 D 436 954 1
11 L 4 445 1
11 D 436 445 1
5 L 1 488 1
5 L 1 588 1
5 L 1 1005 1
5 D 221 488 1
5 D 221 588 1
5 D 221 1005 1
6 L 1 1120 1
6 L 1 1824 1
6 D 27 1120 1
6 D 27 1824 1
6 L 0 2 1
6 L 0 35 1
6 L 0 1414 1
6 L 0 104 1
6 D 27 2 1
6 D 27 35 1
6 D 27 1414 1
6 D 27 104 1
6 L 0 139 1
6 L 0 908 1
6 L 0 590 1
6 D 27 139 1
6 D 27 908 1
6 D 27 590 1
6 L 0 239 1
6 L 0 244 1
6 D 27 239 1
6 D 27 244 1
6 L 0 537 1
6 D 27 537 1
4 L 4 264 1
4 L 4 808 1
4 L 4 142 1
4 D 7 264 1
4 D 7 808 1
4 D 7 142 1
15 L 4 563 1
15 L 4 1095 1
15 D 48 563 1
15 D 48 1095 1
15 L 4 1785 1
15 D 48 1785 1
14 L 4 852 1
14 L 4 1606 1
14 D 216 852 1
14 D 216 1606 1
3 L 4 67 1
3 L 4 1043 1
3 L 4 1366 1
3 D 277 67 1
3 D 277 1043 1
3 D 277 1366 1
3 L 4 1163 1
3 L 4 1868 1
3 D 277 1163 1
3 D 277 1868 1
24 L 14 1184 1
24 L 14 869 1
24 L 14 1878 1
24 L 14 551 1
24 D 643 1184 1
24 D 643 869 1
24 D 643 1878 1
24 D 643 551 1
24 L 1 1145 1
24 D 643 1145 1
24 L 1 1821 1
24 D 643 1821 1
4 L 4 1571 1
4 L 4 1828 1
4 L 4 299 1
4 D 290 1571 1
4 D 290 1828 1
4 D 290 299 1
4 L 4 262 1
4 L 4 1614 1
4 D 290 262 1
4 D 290 1614 1
4 L 4 607 1
4 D 290 607 1
7 L 1 1457 1
7 L 1 1902 1
7 D 659 1457 1
7 D 659 1902 1
7 L 8 398 1
7 D 659 398 1
22 L 6 400 1
22 L 6 1138 1
22 L 6 312 1
22 L 6 233 1
22 D 419 400 1
22 D 419 1138 1
22 D 419 312 1
22 D 419 233 1
22 L 6 26 1
22 L 6 1342 1
22 D 419 26 1
22 D 419 1342 1
11 L 4 145 1
11 L 4 597 1
11 L 4 694 1
11 L 4 136 1
11 L 4 168 1
11 D 503 145 1
11 D 503 597 1
11 D 503 694 1
11 D 503 136 1
11 D 503 168 1
11 L 4 328 1
11 L 4 444 1
11 L 4 1661 1
11 L 4 783 1
11 D 503 328 1
11 D 503 444 1
11 D 503 1661 1
11 D 503 783 1
11 L 4 941 1
11 D 503 941 1
11 L 4 1310 1
11 D 503 1310 1
1 L 4 852 1
1 L 4 1173 1
1 D 745 852 1
1 D 745 1173 1
5 L 0 900 1
5 L 0 1677 1
5 D 768 900 1
5 D 768 1677 1
19 L 4 1184 1
19 L 4 384 1
19 L 4 1987 1
19 L 4 1411 1
19 L 4 1309 1
19 D 946 1184 1
19 D 946 384 1
19 D 946 1987 1
19 D 946 1411 1
19 D 946 1309 1
19 L 4 676 1
19 L 4 1482 1
19 D 946 676 1
19 D 946 1482 1
19 L 4 1488 1
19 L 4 1555 1
19 L 4 54 1
19 D 946 1488 1
19 D 946 1555 1
19 D 946 54 1
19 L 4 759 1
19 L 4 1048 1
19 L 4 1535 1
19 D 946 759 1
19 D 946 1048 1
19 D 946 1535 1
14 L 4 353 1
14 L 4 276 1
14 L 4 424 1
14 D 235 353 1
14 D 235 276 1
14 D 235 424 1
14 L 4 1944 1
14 L 4 1641 1
14 L 4 970 1
14 D 235 1944 1
14 D 235 1641 1
14 D 235 970 1
15 L 4 1285 1
15 L 4 1289 1
15 L 4 1883 1
15 D 432 1285 1
15 D 432 1289 1
15 D 432 1883 1
15 L 4 921 1
15 L 4 1594 1
15 D 432 921 1
15 D 432 1594 1
1 L 4 1265 1
1 L 4 1601 1
1 L 4 1571 1
1 D 699 1265 1
1 D 699 1601 1
1 D 699 1571 1
1 L 4 1070 1
1 D 699 1070 1
3 L 4 1250 1
3 L 4 1558 1
3 D 240 1250 1
3 D 240 1558 1
3 L 4 572 1
3 D 240 572 1
13 L 4 1457 1
13 L 4 1649 1
13 L 4 437 1
13 L 4 1084 1
13 D 340 1457 1
13 D 340 1649 1
13 D 340 437 1
13 D 340 1084 1
13 L 4 1447 1
13 L 4 220 1
13 D 340 1447 1
13 D 340 220 1
13 L 4 1804 1
13 D 340 1804 1
13 L 4 1871 1
13 D 340 1871 1
5 L 4 1793 1
5 L 4 644 1
5 L 4 1062 1
5 L 4 1883 1
5 D 618 1793 1
5 D 618 644 1
5 D 618 1062 1
5 D 618 1883 1
5 L 4 486 1
5 L 4 220 1
5 D 618 486 1
5 D 618 220 1
5 L 4 31 1
5 D 618 31 1
5 L 4 127 1
5 D 618 127 1
10 L 14 979 1
10 L 14 445 1
10 L 14 1597 1
10 D 24 979 1
10 D 24 445 1
10 D 24 1597 1
22 L 6 1888 1
22 L 6 590 1
22 D 776 1888 1
22 D 776 590 1
14 L 4 1794 1
14 L 4 1075 1
14 D 896 1794 1
14 D 896 1075 1
14 L 4 859 1
14 D 896 859 1
4 L 4 818 1
4 L 4 1715 1
4 L 4 1987 1
4 L 4 1331 1
4 L 4 1719 1
4 D 4 818 1
4 D 4 1715 1
4 D 4 1987 1
4 D 4 1331 1
4 D 4 1719 1
4 L 4 820 1
4 L 4 536 1
4 L 4 1788 1
4 D 4 820 1
4 D 4 536 1
4 D 4 1788 1
4 L 4 795 1
4 L 4 1661 1
4 D 4 795 1
4 D 4 1661 1
4 L 4 15 1
4 L 4 1023 1
4 D 4 15 1
4 D 4 1023 1
24 L 1 1792 1
24 L 1 227 1
24 L 1 1715 1
24 D 374 1792 1
24 D 374 227 1
24 D 374 1715 1
24 L 8 904 1
24 L 8 1737 1
24 L 8 1835 1
24 D 374 904 1
24 D 374 1737 1
24 D 374 1835 1
24 L 8 1962 1
24 L 8 1357 1
24 D 374 1962 1
24 D 374 1357 1
24 L 8 208 1
24 L 8 1873 1
24 L 8 1554 1
24 D 374 208 1
24 D 374 1873 1
24 D 374 1554 1
24 L 8 180 1
24 L 8 855 1
24 D 374 180 1
24 D 374 855 1
24 L 8 1438 1
24 D 374 1438 1
15 L 4 757 1
15 L 4 471 1
15 D 450 757 1
15 D 450 471 1
1 L 4 640 1
1 L 4 1092 1
1 L 4 122 1
1 L 4 877 1
1 D 50 640 1
1 D 50 1092 1
1 D 50 122 1
1 D 50 877 1
3 L 4 1249 1
3 L 4 963 1
3 L 4 1523 1
3 D 917 1249 1
3 D 917 963 1
3 D 917 1523 1
3 L 11 739 1
3 L 11 1973 1
3 L 11 1660 1
3 D 917 739 1
3 D 917 1973 1
3 D 917 1660 1
3 L 11 1416 1
3 L 11 121 1
3 L 11 749 1
3 D 917 1416 1
3 D 917 121 1
3 D 917 749 1
3 L 11 1197 1
3 L 11 1359 1
3 D 917 1197 1
3 D 917 1359 1
22 L 6 1 1
22 L 6 1186 1
22 L 6 102 1
22 L 6 183 1
22 L 6 937 1
22 D 369 1 1
22 D 369 1186 1
22 D 369 102 1
22 D 369 183 1
22 D 369 937 1
22 L 14 1027 1
22 L 14 1054 1
22 D 369 1027 1
22 D 369 1054 1
22 L 14 1803 1
22 D 369 1803 1
10 L 14 900 1
10 L 14 917 1
10 D 789 900 1
10 D 789 917 1
10 L 14 780 1
10 D 789 780 1
7 L 8 149 1
7 L 8 719 1
7 D 39 149 1
7 D 39 719 1
15 L 4 1923 1
15 D 312 1923 1
11 L 4 1728 1
11 L 4 691 1
11 L 4 1047 1
11 D 191 1728 1
11 D 191 691 1
11 D 191 1047 1
11 L 4 598 1
11 L 4 614 1
11 L 4 1079 1
11 D 191 598 1
11 D 191 614 1
11 D 191 1079 1
11 L 4 42 1
11 L 4 220 1
11 L 4 1084 1
11 L 4 446 1
11 D 191 42 1
11 D 191 220 1
11 D 191 1084 1
11 D 191 446 1
19 L 4 83 1
19 L 4 789 1
19 L 4 405 1
19 L 4 182 1
19 D 397 83 1
19 D 397 789 1
19 D 397 405 1
19 D 397 182 1
19 L 4 730 1
19 L 4 1822 1
19 L 4 1871 1
19 D 397 730 1
19 D 397 1822 1
19 D 397 1871 1
1 L 11 1052 1
1 D 14 1052 1
14 L 4 1159 1
14 L 4 1993 1
14 L 4 1305 1
14 D 625 1159 1
14 D 625 1993 1
14 D 625 1305 1
1 L 11 320 1
1 D 714 320 1
1 L 11 1652 1
1 D 714 1652 1
1 L 11 43 1
1 D 714 43 1
7 L 8 417 1
7 L 8 289 1
7 L 8 1084 1
7 D 306 417 1
7 D 306 289 1
7 D 306 1084 1
7 L 8 1016 1
7 L 8 520 1
7 D 306 1016 1
7 D 306 520 1
7 L 8 1231 1
7 D 306 1231 1
15 L 4 1104 1
15 L 4 1651 1
15 L 4 1567 1
15 D 671 1104 1
15 D 671 1651 1
15 D 671 1567 1
15 L 4 388 1
15 D 671 388 1
15 L 4 469 1
15 L 4 1453 1
15 D 671 469 1
15 D 671 1453 1
7 L 8 837 1
7 L 8 998 1
7 L 8 1383 1
7 D 638 837 1
7 D 638 998 1
7 D 638 1383 1
7 L 8 121 1
7 L 8 1022 1
7 D 847 121 1
7 D 847 1022 1
13 L 4 816 1
13 L 4 992 1
13 L 4 162 1
13 L 4 1881 1
13 D 209 816 1
13 D 209 992 1
13 D 209 162 1
13 D 209 1881 1
14 L 4 977 1
14 L 4 164 1
14 D 897 977 1
14 D 897 164 1
14 L 4 1289 1
14 D 897 1289 1
7 L 8 153 1
7 L 8 220 1
7 D 866 153 1
7 D 866 220 1
7 L 8 270 1
7 D 866 270 1
1 L 11 560 1
1 L 11 976 1
1 D 925 560 1
1 D 925 976 1
1 L 11 1824 1
1 L 11 401 1
1 L 11 466 1
1 D 925 1824 1
1 D 925 401 1
1 D 925 466 1
1 L 11 468 1
1 L 11 1172 1
1 L 11 790 1
1 D 925 468 1
1 D 925 1172 1
1 D 925 790 1
1 L 11 1371 1
1 L 11 462 1
1 L 11 1087 1
1 D 925 1371 1
1 D 925 462 1
1 D 925 1087 1
22 L 14 1651 1
22 L 14 1350 1
22 L 14 41 1
22 L 14 749 1
22 D 459 1651 1
22 D 459 1350 1
22 D 459 41 1
22 D 459 749 1
22 L 8 1198 1
22 D 459 1198 1
7 L 8 512 1
7 L 8 529 1
7 L 8 1234 1
7 L 8 1653 1
7 D 473 512 1
7 D 473 529 1
7 D 473 1234 1
7 D 473 1653 1
7 L 8 1668 1
7 L 8 1527 1
7 L 8 823 1
7 L 8 1706 1
7 D 473 1668 1
7 D 473 1527 1
7 D 473 823 1
7 D 473 1706 1
7 L 8 1816 1
7 L 8 907 1
7 D 473 1816 1
7 D 473 907 1
7 L 8 1419 1
7 D 473 1419 1
19 L 4 528 1
19 L 4 308 1
19 L 4 1817 1
19 D 272 528 1
19 D 272 308 1
19 D 272 1817 1
19 L 4 343 1
19 L 4 157 1
19 D 272 343 1
19 D 272 157 1
5 L 4 1329 1
5 L 4 643 1
5 D 566 1329 1
5 D 566 643 1
5 L 4 1491 1
5 L 4 1862 1
5 L 4 1177 1
5 D 566 1491 1
5 D 566 1862 1
5 D 566 1177 1
5 L 4 377 1
5 L 4 794 1
5 D 566 377 1
5 D 566 794 1
5 L 4 1419 1
5 D 566 1419 1
4 L 4 773 1
4 L 4 1464 1
4 D 999 773 1
4 D 999 1464 1
13 L 4 1937 1
13 L 4 756 1
13 L 4 487 1
13 D 785 1937 1
13 D 785 756 1
13 D 785 487 1
13 L 4 1141 1
13 L 4 153 1
13 L 4 26 1
13 D 785 1141 1
13 D 785 153 1
13 D 785 26 1
13 L 4 1023 1
13 D 785 1023 1
10 L 14 48 1
10 D 991 48 1
10 L 6 107 1
10 D 991 107 1
7 L 8 1106 1
7 L 8 1762 1
7 L 8 259 1
7 D 110 1106 1
7 D 110 1762 1
7 D 110 259 1
7 L 8 1699 1
7 L 8 371 1
7 L 8 563 1
7 D 110 1699 1
7 D 110 371 1
7 D 110 563 1
7 L 8 38 1
7 L 8 1800 1
7 D 110 38 1
7 D 110 1800 1
3 L 11 850 1
3 L 11 1496 1
3 L 11 558 1
3 D 514 850 1
3 D 514 1496 1
3 D 514 558 1
11 L 4 97 1
11 L 4 1075 1
11 L 4 841 1
11 L 4 1101 1
11 D 726 97 1
11 D 726 1075 1
11 D 726 841 1
11 D 726 1101 1
1 L 11 1056 1
1 L 11 1025 1
1 L 11 1225 1
1 L 11 1966 1
1 D 329 1056 1
1 D 329 1025 1
1 D 329 1225 1
1 D 329 1966 1
3 L 11 731 1
3 L 11 1854 1
3 D 172 731 1
3 D 172 1854 1
3 L 11 270 1
3 L 11 31 1
3 D 172 270 1
3 D 172 31 1
7 L 8 83 1
7 L 8 632 1
7 L 8 1562 1
7 D 480 83 1
7 D 480 632 1
7 D 480 1562 1
4 L 4 642 1
4 L 4 1830 1
4 D 36 642 1
4 D 36 1830 1
4 L 4 1865 1
4 L 4 905 1
4 L 4 1169 1
4 D 36 1865 1
4 D 36 905 1
4 D 36 1169 1
4 L 4 467 1
4 L 4 790 1
4 L 4 534 1
4 D 36 467 1
4 D 36 790 1
4 D 36 534 1
4 L 4 1910 1
4 L 4 27 1
4 D 36 1910 1
4 D 36 27 1
4 L 4 377 1
4 D 36 377 1
4 L 4 1821 1
4 D 36 1821 1
4 L 4 735 1
4 D 36 735 1
1 L 11 1558 1
1 L 11 812 1
1 L 11 653 1
1 L 11 1981 1
1 D 368 1558 1
1 D 368 812 1
1 D 368 653 1
1 D 368 1981 1
7 L 8 1794 1
7 L 8 219 1
7 D 624 1794 1
7 D 624 219 1
7 L 8 277 1
7 L 8 764 1
7 D 624 277 1
7 D 624 764 1
7 L 8 639 1
7 D 624 639 1
14 L 4 816 1
14 L 4 1078 1
14 L 4 1415 1
14 D 626 816 1
14 D 626 1078 1
14 D 626 1415 1
14 L 7 525 1
14 L 7 429 1
14 D 626 525 1
14 D 626 429 1
15 L 4 468 1
15 L 4 1467 1
15 D 926 468 1
15 D 926 1467 1
15 L 7 1500 1
15 D 926 1500 1
11 L 11 292 1
11 L 11 1860 1
11 L 11 996 1
11 D 669 292 1
11 D 669 1860 1
11 D 669 996 1
11 L 11 181 1
11 L 11 262 1
11 L 11 1354 1
11 D 669 181 1
11 D 669 262 1
11 D 669 1354 1
11 L 11 1816 1
11 L 11 684 1
11 L 11 557 1
11 D 669 1816 1
11 D 669 684 1
11 D 669 557 1
11 L 11 1037 1
11 L 11 30 1
11 D 669 1037 1
11 D 669 30 1
11 L 11 127 1
11 D 669 127 1
1 L 11 1285 1
1 D 968 1285 1
19 L 4 604 1
19 D 82 604 1
3 L 11 1938 1
3 D 217 1938 1
7 L 8 1536 1
7 L 8 1554 1
7 L 8 852 1
7 D 640 1536 1
7 D 640 1554 1
7 D 640 852 1
7 L 8 1478 1
7 L 8 278 1
7 L 8 680 1
7 L 8 841 1
7 L 8 1116 1
7 D 640 1478 1
7 D 640 278 1
7 D 640 680 1
7 D 640 841 1
7 D 640 1116 1
7 L 8 1382 1
7 D 640 1382 1
7 L 8 1559 1
7 L 8 955 1
7 D 640 1559 1
7 D 640 955 1
7 L 8 1022 1
7 D 640 1022 1
1 L 11 1554 1
1 L 11 159 1
1 D 846 1554 1
1 D 846 159 1
3 L 11 1154 1
3 L 11 914 1
3 L 11 254 1
3 L 11 1983 1
3 D 197 1154 1
3 D 197 914 1
3 D 197 254 1
3 D 197 1983 1
3 L 11 887 1
3 L 11 286 1
3 D 197 887 1
3 D 197 286 1
19 L 4 145 1
19 L 4 51 1
19 L 4 404 1
19 L 4 1173 1
19 L 4 1994 1
19 D 279 145 1
19 D 279 51 1
19 D 279 404 1
19 D 279 1173 1
19 D 279 1994 1
19 L 7 1867 1
19 L 7 1147 1
19 L 7 1611 1
19 D 279 1867 1
19 D 279 1147 1
19 D 279 1611 1
19 L 7 733 1
19 L 7 1054 1
19 D 279 733 1
19 D 279 1054 1
7 L 8 547 1
7 L 8 1143 1
7 L 8 974 1
7 D 743 547 1
7 D 743 1143 1
7 D 743 974 1
7 L 8 1903 1
7 L 8 911 1
7 D 743 1903 1
7 D 743 911 1
1 L 11 1825 1
1 L 11 1601 1
1 L 11 548 1
1 L 11 364 1
1 D 628 1825 1
1 D 628 1601 1
1 D 628 548 1
1 D 628 364 1
1 L 11 278 1
1 L 11 1451 1
1 L 11 411 1
1 D 628 278 1
1 D 628 1451 1
1 D 628 411 1
1 L 11 411 1
1 L 11 220 1
1 D 628 411 1
1 D 628 220 1
14 L 7 832 1
14 L 7 64 1
14 L 7 1159 1
14 D 401 832 1
14 D 401 64 1
14 D 401 1159 1
14 L 7 946 1
14 L 7 147 1
14 D 401 946 1
14 D 401 147 1
14 L 7 790 1
14 L 7 1999 1
14 D 401 790 1
14 D 401 1999 1
13 L 4 593 1
13 L 4 1230 1
13 D 296 593 1
13 D 296 1230 1
15 L 7 1024 1
15 L 7 1601 1
15 L 7 918 1
15 L 7 1230 1
15 D 234 1024 1
15 D 234 1601 1
15 D 234 918 1
15 D 234 1230 1
7 L 8 1924 1
7 L 8 261 1
7 L 8 1669 1
7 L 8 1526 1
7 D 60 1924 1
7 D 60 261 1
7 D 60 1669 1
7 D 60 1526 1
7 L 8 102 1
7 L 8 1817 1
7 L 8 601 1
7 L 8 28 1
7 D 60 102 1
7 D 60 1817 1
7 D 60 601 1
7 D 60 28 1
7 L 8 634 1
7 L 8 1214 1
7 D 60 634 1
7 D 60 1214 1
5 L 4 1572 1
5 L 4 1447 1
5 D 546 1572 1
5 D 546 1447 1
5 L 4 267 1
5 D 546 267 1
3 L 11 852 1
3 L 11 1481 1
3 D 505 852 1
3 D 505 1481 1
3 L 11 427 1
3 D 505 427 1
15 L 7 1969 1
15 L 7 629 1
15 L 7 926 1
15 D 213 1969 1
15 D 213 629 1
15 D 213 926 1
7 L 8 1313 1
7 D 176 1313 1
7 L 8 553 1
7 L 8 1003 1
7 D 176 553 1
7 D 176 1003 1
14 L 7 1875 1
14 L 7 1765 1
14 D 371 1875 1
14 D 371 1765 1
13 L 7 1204 1
13 L 7 1863 1
13 L 7 488 1
13 L 7 1084 1
13 D 5 1204 1
13 D 5 1863 1
13 D 5 488 1
13 D 5 1084 1
13 L 7 1481 1
13 D 5 1481 1
15 L 7 624 1
15 L 7 1553 1
15 L 7 1345 1
15 L 7 1757 1
15 D 842 624 1
15 D 842 1553 1
15 D 842 1345 1
15 D 842 1757 1
15 L 7 1266 1
15 L 7 1045 1
15 D 842 1266 1
15 D 842 1045 1
15 L 7 1659 1
15 L 7 717 1
15 D 842 1659 1
15 D 842 717 1
15 L 7 1005 1
15 D 842 1005 1
14 L 12 881 1
14 L 12 1855 1
14 D 471 881 1
14 D 471 1855 1
7 L 8 704 1
7 L 8 723 1
7 L 8 971 1
7 D 132 704 1
7 D 132 723 1
7 D 132 971 1
7 L 8 476 1
7 D 132 476 1
11 L 11 465 1
11 D 863 465 1
14 L 12 1909 1
14 L 12 1526 1
14 L 12 1527 1
14 D 463 1909 1
14 D 463 1526 1
14 D 463 1527 1
14 L 12 110 1
14 D 463 110 1
14 L 12 1871 1
14 L 12 1199 1
14 D 463 1871 1
14 D 463 1199 1
1 L 11 242 1
1 L 11 885 1
1 L 11 1029 1
1 D 45 242 1
1 D 45 885 1
1 D 45 1029 1
1 L 4 1158 1
1 L 4 367 1
1 D 45 1158 1
1 D 45 367 1
7 L 8 1840 1
7 L 8 1903 1
7 L 8 271 1
7 D 55 1840 1
7 D 55 1903 1
7 D 55 271 1
3 L 11 626 1
3 L 11 1059 1
3 L 11 1359 1
3 D 282 626 1
3 D 282 1059 1
3 D 282 1359 1
11 L 11 1189 1
11 L 11 154 1
11 D 10 1189 1
11 D 10 154 1
19 L 7 1106 1
19 L 7 1972 1
19 D 887 1106 1
19 D 887 1972 1
13 L 7 32 1
13 L 7 401 1
13 L 7 483 1
13 L 7 1002 1
13 D 12 32 1
13 D 12 401 1
13 D 12 483 1
13 D 12 1002 1
13 L 7 1139 1
13 L 7 1540 1
13 L 7 1526 1
13 D 12 1139 1
13 D 12 1540 1
13 D 12 1526 1
13 L 7 1413 1
13 L 7 935 1
13 D 12 1413 1
13 D 12 935 1
13 L 7 711 1
13 D 12 711 1
13 L 7 424 1
13 D 12 424 1
13 L 7 1470 1
13 D 12 1470 1
7 L 8 1571 1
7 L 8 54 1
7 D 975 1571 1
7 D 975 54 1
5 L 4 1936 1
5 L 4 112 1
5 L 4 1956 1
5 L 4 281 1
5 D 693 1936 1
5 D 693 112 1
5 D 693 1956 1
5 D 693 281 1
5 L 4 89 1
5 D 693 89 1
7 L 8 1456 1
7 L 8 929 1
7 D 201 1456 1
7 D 201 929 1
7 L 8 1011 1
7 D 201 1011 1
19 L 7 806 1
19 L 7 1542 1
19 D 87 806 1
19 D 87 1542 1
19 L 7 1912 1
19 L 7 218 1
19 D 87 1912 1
19 D 87 218 1
3 L 11 421 1
3 L 11 1559 1
3 D 412 421 1
3 D 412 1559 1
11 L 11 419 1
11 L 11 455 1
11 D 604 419 1
11 D 604 455 1
11 L 11 1545 1
11 D 604 1545 1
24 L 8 1457 1
24 L 8 1089 1
24 L 8 979 1
24 L 8 299 1
24 D 483 1457 1
24 D 483 1089 1
24 D 483 979 1
24 D 483 299 1
24 L 8 914 1
24 L 8 634 1
24 D 483 914 1
24 D 483 634 1
24 L 8 1357 1
24 D 483 1357 1
24 L 8 1534 1
24 D 483 1534 1
14 L 12 1777 1
14 L 12 836 1
14 L 12 1176 1
14 D 882 1777 1
14 D 882 836 1
14 D 882 1176 1
14 L 12 730 1
14 D 882 730 1
7 L 8 1699 1
7 L 8 919 1
7 D 28 1699 1
7 D 28 919 1
15 L 7 1923 1
15 L 7 1221 1
15 L 7 421 1
15 D 322 1923 1
15 D 322 1221 1
15 D 322 421 1
15 L 7 1030 1
15 D 322 1030 1
7 L 8 435 1
7 D 966 435 1
19 L 7 1488 1
19 L 7 1569 1
19 L 7 1746 1
19 D 977 1488 1
19 D 977 1569 1
19 D 977 1746 1
19 L 7 1683 1
19 L 7 5 1
19 L 7 967 1
19 L 7 1021 1
19 D 977 1683 1
19 D 977 5 1
19 D 977 967 1
19 D 977 1021 1
19 L 7 105 1
19 L 7 398 1
19 D 977 105 1
19 D 977 398 1
7 L 8 48 1
7 L 8 704 1
7 L 8 50 1
7 L 8 344 1
7 D 57 48 1
7 D 57 704 1
7 D 57 50 1
7 D 57 344 1
7 L 8 1875 1
7 L 8 1347 1
7 L 8 787 1
7 D 57 1875 1
7 D 57 1347 1
7 D 57 787 1
7 L 8 1172 1
7 L 8 470 1
7 L 8 985 1
7 D 57 1172 1
7 D 57 470 1
7 D 57 985 1
14 L 12 484 1
14 L 12 1015 1
14 L 12 780 1
14 D 588 484 1
14 D 588 1015 1
14 D 588 780 1
11 L 11 1441 1
11 L 11 1764 1
11 D 831 1441 1
11 D 831 1764 1
5 L 4 1765 1
5 L 4 1590 1
5 L 4 1640 1
5 D 332 1765 1
5 D 332 1590 1
5 D 332 1640 1
4 L 4 1489 1
4 L 4 1154 1
4 L 4 1747 1
4 D 804 1489 1
4 D 804 1154 1
4 D 804 1747 1
15 L 7 983 1
15 L 7 1863 1
15 D 361 983 1
15 D 361 1863 1
15 L 7 1912 1
15 D 361 1912 1
24 L 8 346 1
24 L 8 461 1
24 L 8 287 1
24 D 727 346 1
24 D 727 461 1
24 D 727 287 1
11 L 11 80 1
11 L 11 130 1
11 L 11 854 1
11 D 203 80 1
11 D 203 130 1
11 D 203 854 1
11 L 11 460 1
11 D 203 460 1
11 L 11 1599 1
11 D 203 1599 1
5 L 4 388 1
5 L 4 1157 1
5 L 4 1703 1
5 D 324 388 1
5 D 324 1157 1
5 D 324 1703 1
5 L 4 1415 1
5 D 324 1415 1
7 L 8 637 1
7 L 8 991 1
7 D 305 637 1
7 D 305 991 1
24 L 8 1091 1
24 L 8 68 1
24 L 8 1621 1
24 L 8 1322 1
24 L 8 954 1
24 D 608 1091 1
24 D 608 68 1
24 D 608 1621 1
24 D 608 1322 1
24 D 608 954 1
13 L 7 688 1
13 L 7 1632 1
13 L 7 1267 1
13 D 257 688 1
13 D 257 1632 1
13 D 257 1267 1
13 L 4 1073 1
13 L 4 741 1
13 L 4 1078 1
13 D 257 1073 1
13 D 257 741 1
13 D 257 1078 1
7 L 8 1747 1
7 L 8 694 1
7 D 262 1747 1
7 D 262 694 1
7 L 9 459 1
7 L 9 1243 1
7 D 262 459 1
7 D 262 1243 1
19 L 7 1584 1
19 L 7 435 1
19 L 7 1383 1
19 D 853 1584 1
19 D 853 435 1
19 D 853 1383 1
19 L 7 474 1
19 L 7 1595 1
19 D 853 474 1
19 D 853 1595 1
19 L 7 1386 1
19 L 7 95 1
19 D 853 1386 1
19 D 853 95 1
19 L 7 1727 1
19 D 853 1727 1
15 L 7 720 1
15 L 7 2 1
15 L 7 22 1
15 L 7 172 1
15 D 760 720 1
15 D 760 2 1
15 D 760 22 1
15 D 760 172 1
15 L 4 363 1
15 D 760 363 1
5 L 4 1009 1
5 L 4 1125 1
5 L 4 725 1
5 D 655 1009 1
5 D 655 1125 1
5 D 655 725 1
11 L 11 403 1
11 L 11 1508 1
11 D 823 403 1
11 D 823 1508 1
15 L 4 192 1
15 L 4 1088 1
15 L 4 1280 1
15 L 4 875 1
15 D 338 192 1
15 D 338 1088 1
15 D 338 1280 1
15 D 338 875 1
15 L 11 1317 1
15 L 11 1958 1
15 L 11 1482 1
15 D 338 1317 1
15 D 338 1958 1
15 D 338 1482 1
15 L 11 1549 1
15 L 11 334 1
15 L 11 1487 1
15 D 338 1549 1
15 D 338 334 1
15 D 338 1487 1
15 L 11 982 1
15 L 11 1402 1
15 D 338 982 1
15 D 338 1402 1
5 L 11 1777 1
5 L 11 242 1
5 L 11 1067 1
5 D 910 1777 1
5 D 910 242 1
5 D 910 1067 1
5 L 4 1447 1
5 L 4 765 1
5 D 910 1447 1
5 D 910 765 1
5 L 4 1486 1
5 D 910 1486 1
11 L 11 1704 1
11 D 107 1704 1
11 L 11 1357 1
11 D 107 1357 1
19 L 7 401 1
19 L 7 1555 1
19 L 7 1759 1
19 D 90 401 1
19 D 90 1555 1
19 D 90 1759 1
19 L 4 1830 1
19 L 4 90 1
19 D 90 1830 1
19 D 90 90 1
19 L 4 1622 1
19 D 90 1622 1
11 L 11 1444 1
11 L 11 348 1
11 D 205 1444 1
11 D 205 348 1
11 L 11 1808 1
11 L 11 864 1
11 L 11 1395 1
11 D 375 1808 1
11 D 375 864 1
11 D 375 1395 1
11 L 11 1172 1
11 L 11 1833 1
11 L 11 1338 1
11 L 11 1195 1
11 D 375 1172 1
11 D 375 1833 1
11 D 375 1338 1
11 D 375 1195 1
11 L 11 1897 1
11 L 11 1945 1
11 D 375 1897 1
11 D 375 1945 1
11 L 11 124 1
11 L 11 1230 1
11 L 11 1054 1
11 D 375 124 1
11 D 375 1230 1
11 D 375 1054 1
19 L 4 420 1
19 L 4 468 1
19 L 4 1221 1
19 L 4 789 1
19 D 376 420 1
19 D 376 468 1
19 D 376 1221 1
19 D 376 789 1
19 L 4 327 1
19 L 4 793 1
19 D 376 327 1
19 D 376 793 1
19 L 4 350 1
19 L 4 910 1
19 D 376 350 1
19 D 376 910 1
19 L 4 660 1
19 L 4 661 1
19 L 4 1333 1
19 L 4 1097 1
19 D 445 660 1
19 D 445 661 1
19 D 445 1333 1
19 D 445 1097 1
19 L 7 859 1
19 L 7 591 1
19 D 445 859 1
19 D 445 591 1
11 L 11 1889 1
11 L 11 801 1
11 L 11 1618 1
11 D 3 1889 1
11 D 3 801 1
11 D 3 1618 1
11 L 4 1559 1
11 L 4 1019 1
11 D 3 1559 1
11 D 3 1019 1
19 L 7 1457 1
19 L 7 401 1
19 L 7 418 1
19 L 7 126 1
19 D 267 1457 1
19 D 267 401 1
19 D 267 418 1
19 D 267 126 1
19 L 7 1890 1
19 L 7 119 1
19 L 7 1691 1
19 D 267 1890 1
19 D 267 119 1
19 D 267 1691 1
19 L 7 794 1
19 L 7 362 1
19 D 267 794 1
19 D 267 362 1
19 L 7 747 1
19 L 7 397 1
19 D 267 747 1
19 D 267 397 1
19 L 7 560 1
19 L 7 1988 1
19 L 7 1173 1
19 D 541 560 1
19 D 541 1988 1
19 D 541 1173 1
19 L 7 563 1
19 L 7 533 1
19 D 541 563 1
19 D 541 533 1
19 L 7 1259 1
19 D 541 1259 1
19 L 7 64 1
19 L 7 960 1
19 D 56 64 1
19 D 56 960 1
19 L 7 1219 1
19 L 7 1957 1
19 L 7 105 1
19 L 7 364 1
19 D 56 1219 1
19 D 56 1957 1
19 D 56 105 1
19 D 56 364 1
19 L 7 845 1
19 L 7 1967 1
19 D 56 845 1
19 D 56 1967 1
19 L 7 1200 1
19 L 7 369 1
19 L 7 884 1
19 D 56 1200 1
19 D 56 369 1
19 D 56 884 1
19 L 7 1847 1
19 L 7 282 1
19 D 56 1847 1
19 D 56 282 1
19 L 7 1469 1
19 D 56 1469 1
19 L 7 1712 1
19 L 7 1168 1
19 L 7 1586 1
19 D 79 1712 1
19 D 79 1168 1
19 D 79 1586 1
19 L 7 531 1
19 L 7 262 1
19 L 7 392 1
19 L 7 680 1
19 D 79 531 1
19 D 79 262 1
19 D 79 392 1
19 D 79 680 1
19 L 7 200 1
19 L 7 1481 1
19 D 79 200 1
19 D 79 1481 1
19 L 7 1339 1
19 L 7 1164 1
19 D 79 1339 1
19 D 79 1164 1
19 L 7 722 1
19 L 7 1315 1
19 L 7 6 1
19 D 558 722 1
19 D 558 1315 1
19 D 558 6 1
19 L 4 243 1
19 L 4 167 1
19 L 4 875 1
19 D 558 243 1
19 D 558 167 1
19 D 558 875 1
19 L 4 922 1
19 L 4 59 1
19 D 558 922 1
19 D 558 59 1
19 L 4 382 1
19 D 558 382 1
19 L 4 753 1
19 L 4 113 1
19 L 4 1522 1
19 L 4 220 1
19 D 908 753 1
19 D 908 113 1
19 D 908 1522 1
19 D 908 220 1
19 L 7 15 1
19 D 908 15 1
19 L 7 338 1
19 L 7 1270 1
19 L 7 1142 1
19 L 7 1087 1
19 D 313 338 1
19 D 313 1270 1
19 D 313 1142 1
19 D 313 1087 1
19 L 7 922 1
19 D 313 922 1
19 L 7 1580 1
19 L 7 1453 1
19 D 313 1580 1
19 D 313 1453 1
19 L 7 1809 1
19 L 7 1619 1
19 L 7 949 1
19 D 650 1809 1
19 D 650 1619 1
19 D 650 949 1
19 L 4 537 1
19 L 4 122 1
19 L 4 139 1
19 D 650 537 1
19 D 650 122 1
19 D 650 139 1
19 L 4 347 1
19 L 4 1820 1
19 D 650 347 1
19 D 650 1820 1
19 L 4 105 1
19 L 4 186 1
19 L 4 975 1
19 D 909 105 1
19 D 909 186 1
19 D 909 975 1
19 L 4 75 1
19 L 4 287 1
19 D 909 75 1
19 D 909 287 1
19 L 4 1617 1
19 L 4 1094 1
19 L 4 1356 1
19 D 595 1617 1
19 D 595 1094 1
19 D 595 1356 1
19 L 4 97 1
19 L 4 449 1
19 L 4 307 1
19 D 184 97 1
19 D 184 449 1
19 D 184 307 1
19 L 4 1080 1
19 L 4 1005 1
19 L 4 383 1
19 D 184 1080 1
19 D 184 1005 1
19 D 184 383 1
19 L 4 1633 1
19 L 4 753 1
19 L 4 1810 1
19 L 4 243 1
19 L 4 781 1
19 D 720 1633 1
19 D 720 753 1
19 D 720 1810 1
19 D 720 243 1
19 D 720 781 1
19 L 4 147 1
19 L 4 1449 1
19 L 4 1965 1
19 D 720 147 1
19 D 720 1449 1
19 D 720 1965 1
19 L 4 61 1
19 L 4 350 1
19 D 720 61 1
19 D 720 350 1
19 L 4 1087 1
19 D 720 1087 1
19 L 4 1666 1
19 L 4 451 1
19 L 4 203 1
19 D 603 1666 1
19 D 603 451 1
19 D 603 203 1
19 L 4 1303 1
19 L 4 1162 1
19 D 603 1303 1
19 D 603 1162 1
19 L 4 394 1
19 L 4 108 1
19 D 603 394 1
19 D 603 108 1
19 L 4 525 1
19 D 603 525 1
19 L 4 1334 1
19 L 4 429 1
19 L 4 1647 1
19 D 748 1334 1
19 D 748 429 1
19 D 748 1647 1
19 L 4 432 1
19 L 4 865 1
19 L 4 1525 1
19 L 4 1471 1
19 D 773 432 1
19 D 773 865 1
19 D 773 1525 1
19 D 773 1471 1
19 L 11 1313 1
19 D 773 1313 1
19 L 11 107 1
19 D 773 107 1
19 L 11 512 1
19 L 11 278 1
19 L 11 1608 1
19 L 11 216 1
19 D 512 512 1
19 D 512 278 1
19 D 512 1608 1
19 D 512 216 1
19 L 11 866 1
19 L 11 1222 1
19 D 814 866 1
19 D 814 1222 1
19 L 11 1732 1
19 L 11 488 1
19 D 814 1732 1
19 D 814 488 1
19 L 11 1088 1
19 L 11 1056 1
19 L 11 1971 1
19 L 11 1835 1
19 L 11 732 1
19 D 952 1088 1
19 D 952 1056 1
19 D 952 1971 1
19 D 952 1835 1
19 D 952 732 1
19 L 11 1945 1
19 L 11 668 1
19 D 952 1945 1
19 D 952 668 1
19 L 11 1538 1
19 L 11 1843 1
19 L 11 1091 1
19 L 11 727 1
19 D 636 1538 1
19 D 636 1843 1
19 D 636 1091 1
19 D 636 727 1
19 L 4 1608 1
19 L 4 1484 1
19 D 636 1608 1
19 D 636 1484 1
19 L 4 1885 1
19 L 4 927 1
19 D 636 1885 1
19 D 636 927 1
19 L 4 1824 1
19 L 4 501 1
19 L 4 335 1
19 D 183 1824 1
19 D 183 501 1
19 D 183 335 1
19 L 11 525 1
19 D 183 525 1
